2020-04-09 19:11:15,411 - root - INFO - [2020-04-09 19:11:15.411217] Logging to 0040db79048e615e3d90654909b6c190.log.
2020-04-09 19:14:20,980 - root - DEBUG - Python AST:
FunctionDef(name='GEMM',
    args=arguments(
        args=[arg(arg='A', annotation=Name(id='BigMatrix')),
            arg(arg='B', annotation=Name(id='BigMatrix')),
            arg(arg='M', annotation=Name(id='int')),
            arg(arg='N', annotation=Name(id='int')),
            arg(arg='K', annotation=Name(id='int')),
            arg(arg='Temp', annotation=Name(id='BigMatrix')),
            arg(arg='Out', annotation=Name(id='BigMatrix'))],
        vararg=None,
        kwonlyargs=[],
        kw_defaults=[],
        kwarg=None,
        defaults=[]),
    body=[
        Assign(targets=[Name(id='tree_depth')],
            value=Call(func=Name(id='ceiling'),
                args=[
                    BinOp(left=Call(func=Name(id='log'), args=[Name(id='K')], keywords=[]),
                        op=Div,
                        right=Call(func=Name(id='log'), args=[Num(n=4)], keywords=[]))],
                keywords=[])),
        For(target=Name(id='i'),
            iter=Call(func=Name(id='range'), args=[Num(n=0), Name(id='M')], keywords=[]),
            body=[
                For(target=Name(id='j'),
                    iter=Call(func=Name(id='range'), args=[Num(n=0), Name(id='N')], keywords=[]),
                    body=[
                        For(target=Name(id='k'),
                            iter=Call(func=Name(id='range'), args=[Num(n=0), Name(id='K')], keywords=[]),
                            body=[
                                Assign(
                                    targets=[
                                        Subscript(value=Name(id='Temp'),
                                            slice=Index(
                                                value=Tuple(elts=[Name(id='i'), Name(id='j'), Name(id='k'), Num(n=0)])))],
                                    value=Call(func=Name(id='gemm'),
                                        args=[
                                            Subscript(value=Name(id='A'),
                                                slice=Index(value=Tuple(elts=[Name(id='i'), Name(id='k')]))),
                                            Subscript(value=Name(id='B'),
                                                slice=Index(value=Tuple(elts=[Name(id='k'), Name(id='j')])))],
                                        keywords=[]))],
                            orelse=[])],
                    orelse=[])],
            orelse=[]),
        For(target=Name(id='i'),
            iter=Call(func=Name(id='range'), args=[Num(n=0), Name(id='M')], keywords=[]),
            body=[
                For(target=Name(id='j'),
                    iter=Call(func=Name(id='range'), args=[Num(n=0), Name(id='N')], keywords=[]),
                    body=[
                        For(target=Name(id='level'),
                            iter=Call(func=Name(id='range'), args=[Num(n=0), Name(id='tree_depth')], keywords=[]),
                            body=[
                                For(target=Name(id='k'),
                                    iter=Call(func=Name(id='range'),
                                        args=[Num(n=0),
                                            Name(id='K'),
                                            BinOp(left=Num(n=4),
                                                op=Pow,
                                                right=BinOp(left=Name(id='level'), op=Add, right=Num(n=1)))],
                                        keywords=[]),
                                    body=[
                                        Assign(
                                            targets=[
                                                Subscript(value=Name(id='Temp'),
                                                    slice=Index(
                                                        value=Tuple(
                                                            elts=[Name(id='i'),
                                                                Name(id='j'),
                                                                Name(id='k'),
                                                                BinOp(left=Name(id='level'), op=Add, right=Num(n=1))])))],
                                            value=Call(func=Name(id='add_matrices'),
                                                args=[
                                                    Subscript(value=Name(id='Temp'),
                                                        slice=Index(
                                                            value=Tuple(
                                                                elts=[Name(id='i'),
                                                                    Name(id='j'),
                                                                    Name(id='k'),
                                                                    Name(id='level')]))),
                                                    Subscript(value=Name(id='Temp'),
                                                        slice=Index(
                                                            value=Tuple(
                                                                elts=[Name(id='i'),
                                                                    Name(id='j'),
                                                                    BinOp(left=Name(id='k'),
                                                                        op=Add,
                                                                        right=BinOp(left=Num(n=4),
                                                                            op=Pow,
                                                                            right=Name(id='level'))),
                                                                    Name(id='level')]))),
                                                    Subscript(value=Name(id='Temp'),
                                                        slice=Index(
                                                            value=Tuple(
                                                                elts=[Name(id='i'),
                                                                    Name(id='j'),
                                                                    BinOp(left=Name(id='k'),
                                                                        op=Add,
                                                                        right=BinOp(left=Num(n=2),
                                                                            op=Mult,
                                                                            right=BinOp(left=Num(n=4),
                                                                                op=Pow,
                                                                                right=Name(id='level')))),
                                                                    Name(id='level')]))),
                                                    Subscript(value=Name(id='Temp'),
                                                        slice=Index(
                                                            value=Tuple(
                                                                elts=[Name(id='i'),
                                                                    Name(id='j'),
                                                                    BinOp(left=Name(id='k'),
                                                                        op=Add,
                                                                        right=BinOp(left=Num(n=3),
                                                                            op=Mult,
                                                                            right=BinOp(left=Num(n=4),
                                                                                op=Pow,
                                                                                right=Name(id='level')))),
                                                                    Name(id='level')])))],
                                                keywords=[]))],
                                    orelse=[])],
                            orelse=[])],
                    orelse=[])],
            orelse=[]),
        For(target=Name(id='i'),
            iter=Call(func=Name(id='range'), args=[Num(n=0), Name(id='M')], keywords=[]),
            body=[
                For(target=Name(id='j'),
                    iter=Call(func=Name(id='range'), args=[Num(n=0), Name(id='N')], keywords=[]),
                    body=[
                        Assign(
                            targets=[
                                Subscript(value=Name(id='Out'),
                                    slice=Index(value=Tuple(elts=[Name(id='i'), Name(id='j')])))],
                            value=Call(func=Name(id='identity'),
                                args=[
                                    Subscript(value=Name(id='Temp'),
                                        slice=Index(
                                            value=Tuple(elts=[Name(id='i'), Name(id='j'), Num(n=0), Name(id='tree_depth')],
                                                )))],
                                keywords=[]))],
                    orelse=[])],
            orelse=[])],
    decorator_list=[],
    returns=None)

2020-04-09 19:14:20,982 - root - DEBUG - IR AST:
FuncDef(name='GEMM',
    args=['A', 'B', 'M', 'N', 'K', 'Temp', 'Out'],
    body=[
        Assign(lhs=Ref(name='tree_depth', type=None),
            rhs=Mfunc(op='ceiling',
                e=BinOp(op='Div',
                    left=Mfunc(op='log', e=Ref(name='K', type=None), type=None),
                    right=Mfunc(op='log', e=IntConst(val=4, type=None), type=None),
                    type=None),
                type=None)),
        For(var='i',
            min=IntConst(val=0, type=None),
            max=Ref(name='M', type=None),
            step=IntConst(val=1, type=None),
            body=[
                For(var='j',
                    min=IntConst(val=0, type=None),
                    max=Ref(name='N', type=None),
                    step=IntConst(val=1, type=None),
                    body=[
                        For(var='k',
                            min=IntConst(val=0, type=None),
                            max=Ref(name='K', type=None),
                            step=IntConst(val=1, type=None),
                            body=[
                                RemoteCallAbstract(compute=<function gemm at 0x7fe63bec17b8>,
                                    output=IndexExpr(matrix_name='Temp',
                                        indices=[Ref(name='i', type=None),
                                            Ref(name='j', type=None),
                                            Ref(name='k', type=None),
                                            IntConst(val=0, type=None)]),
                                    args=[
                                        IndexExpr(matrix_name='A',
                                            indices=[Ref(name='i', type=None), Ref(name='k', type=None)]),
                                        IndexExpr(matrix_name='B',
                                            indices=[Ref(name='k', type=None), Ref(name='j', type=None)])],
                                    kwargs=None,
                                    type=None)])])]),
        For(var='i',
            min=IntConst(val=0, type=None),
            max=Ref(name='M', type=None),
            step=IntConst(val=1, type=None),
            body=[
                For(var='j',
                    min=IntConst(val=0, type=None),
                    max=Ref(name='N', type=None),
                    step=IntConst(val=1, type=None),
                    body=[
                        For(var='level',
                            min=IntConst(val=0, type=None),
                            max=Ref(name='tree_depth', type=None),
                            step=IntConst(val=1, type=None),
                            body=[
                                For(var='k',
                                    min=IntConst(val=0, type=None),
                                    max=Ref(name='K', type=None),
                                    step=BinOp(op='Pow',
                                        left=IntConst(val=4, type=None),
                                        right=BinOp(op='Add',
                                            left=Ref(name='level', type=None),
                                            right=IntConst(val=1, type=None),
                                            type=None),
                                        type=None),
                                    body=[
                                        RemoteCallAbstract(compute=<function add_matrices at 0x7fe63bec10d0>,
                                            output=IndexExpr(matrix_name='Temp',
                                                indices=[Ref(name='i', type=None),
                                                    Ref(name='j', type=None),
                                                    Ref(name='k', type=None),
                                                    BinOp(op='Add',
                                                        left=Ref(name='level', type=None),
                                                        right=IntConst(val=1, type=None),
                                                        type=None)]),
                                            args=[
                                                IndexExpr(matrix_name='Temp',
                                                    indices=[Ref(name='i', type=None),
                                                        Ref(name='j', type=None),
                                                        Ref(name='k', type=None),
                                                        Ref(name='level', type=None)]),
                                                IndexExpr(matrix_name='Temp',
                                                    indices=[Ref(name='i', type=None),
                                                        Ref(name='j', type=None),
                                                        BinOp(op='Add',
                                                            left=Ref(name='k', type=None),
                                                            right=BinOp(op='Pow',
                                                                left=IntConst(val=4, type=None),
                                                                right=Ref(name='level', type=None),
                                                                type=None),
                                                            type=None),
                                                        Ref(name='level', type=None)]),
                                                IndexExpr(matrix_name='Temp',
                                                    indices=[Ref(name='i', type=None),
                                                        Ref(name='j', type=None),
                                                        BinOp(op='Add',
                                                            left=Ref(name='k', type=None),
                                                            right=BinOp(op='Mult',
                                                                left=IntConst(val=2, type=None),
                                                                right=BinOp(op='Pow',
                                                                    left=IntConst(val=4, type=None),
                                                                    right=Ref(name='level', type=None),
                                                                    type=None),
                                                                type=None),
                                                            type=None),
                                                        Ref(name='level', type=None)]),
                                                IndexExpr(matrix_name='Temp',
                                                    indices=[Ref(name='i', type=None),
                                                        Ref(name='j', type=None),
                                                        BinOp(op='Add',
                                                            left=Ref(name='k', type=None),
                                                            right=BinOp(op='Mult',
                                                                left=IntConst(val=3, type=None),
                                                                right=BinOp(op='Pow',
                                                                    left=IntConst(val=4, type=None),
                                                                    right=Ref(name='level', type=None),
                                                                    type=None),
                                                                type=None),
                                                            type=None),
                                                        Ref(name='level', type=None)])],
                                            kwargs=None,
                                            type=None)])])])]),
        For(var='i',
            min=IntConst(val=0, type=None),
            max=Ref(name='M', type=None),
            step=IntConst(val=1, type=None),
            body=[
                For(var='j',
                    min=IntConst(val=0, type=None),
                    max=Ref(name='N', type=None),
                    step=IntConst(val=1, type=None),
                    body=[
                        RemoteCallAbstract(compute=<function identity at 0x7fe63bec1d08>,
                            output=IndexExpr(matrix_name='Out',
                                indices=[Ref(name='i', type=None), Ref(name='j', type=None)]),
                            args=[
                                IndexExpr(matrix_name='Temp',
                                    indices=[Ref(name='i', type=None),
                                        Ref(name='j', type=None),
                                        IntConst(val=0, type=None),
                                        Ref(name='tree_depth', type=None)])],
                            kwargs=None,
                            type=None)])])],
    arg_types=[<class 'numpywren.matrix.BigMatrix'>,
        <class 'numpywren.matrix.BigMatrix'>,
        <class 'int'>,
        <class 'int'>,
        <class 'int'>,
        <class 'numpywren.matrix.BigMatrix'>,
        <class 'numpywren.matrix.BigMatrix'>])

2020-04-09 19:14:20,983 - root - DEBUG - typed IR AST:
FuncDef(name='GEMM',
    args=['A', 'B', 'M', 'N', 'K', 'Temp', 'Out'],
    body=[
        Assign(
            lhs=Ref(name='tree_depth', type=<class 'numpywren.frontend.ConstIntType'>),
            rhs=Mfunc(op='ceiling',
                e=BinOp(op='Div',
                    left=Mfunc(op='log',
                        e=Ref(name='K', type=<class 'numpywren.frontend.ConstIntType'>),
                        type=<class 'numpywren.frontend.ConstFloatType'>),
                    right=Mfunc(op='log',
                        e=IntConst(val=4, type=<class 'numpywren.frontend.ConstIntType'>),
                        type=<class 'numpywren.frontend.ConstFloatType'>),
                    type=<class 'numpywren.frontend.ConstFloatType'>),
                type=<class 'numpywren.frontend.ConstIntType'>)),
        For(var='i',
            min=IntConst(val=0, type=<class 'numpywren.frontend.ConstIntType'>),
            max=Ref(name='M', type=<class 'numpywren.frontend.ConstIntType'>),
            step=IntConst(val=1, type=<class 'numpywren.frontend.ConstIntType'>),
            body=[
                For(var='j',
                    min=IntConst(val=0, type=<class 'numpywren.frontend.ConstIntType'>),
                    max=Ref(name='N', type=<class 'numpywren.frontend.ConstIntType'>),
                    step=IntConst(val=1, type=<class 'numpywren.frontend.ConstIntType'>),
                    body=[
                        For(var='k',
                            min=IntConst(val=0, type=<class 'numpywren.frontend.ConstIntType'>),
                            max=Ref(name='K', type=<class 'numpywren.frontend.ConstIntType'>),
                            step=IntConst(val=1, type=<class 'numpywren.frontend.ConstIntType'>),
                            body=[
                                RemoteCallAbstract(compute=<function gemm at 0x7fe63bec17b8>,
                                    output=[
                                        IndexExpr(matrix_name='Temp',
                                            indices=[Ref(name='i', type=<class 'numpywren.frontend.LinearIntType'>),
                                                Ref(name='j', type=<class 'numpywren.frontend.LinearIntType'>),
                                                Ref(name='k', type=<class 'numpywren.frontend.LinearIntType'>),
                                                IntConst(val=0, type=<class 'numpywren.frontend.ConstIntType'>)])],
                                    args=[
                                        IndexExpr(matrix_name='A',
                                            indices=[Ref(name='i', type=<class 'numpywren.frontend.LinearIntType'>),
                                                Ref(name='k', type=<class 'numpywren.frontend.LinearIntType'>)]),
                                        IndexExpr(matrix_name='B',
                                            indices=[Ref(name='k', type=<class 'numpywren.frontend.LinearIntType'>),
                                                Ref(name='j', type=<class 'numpywren.frontend.LinearIntType'>)])],
                                    kwargs=None,
                                    type=<class 'type'>)])])]),
        For(var='i',
            min=IntConst(val=0, type=<class 'numpywren.frontend.ConstIntType'>),
            max=Ref(name='M', type=<class 'numpywren.frontend.ConstIntType'>),
            step=IntConst(val=1, type=<class 'numpywren.frontend.ConstIntType'>),
            body=[
                For(var='j',
                    min=IntConst(val=0, type=<class 'numpywren.frontend.ConstIntType'>),
                    max=Ref(name='N', type=<class 'numpywren.frontend.ConstIntType'>),
                    step=IntConst(val=1, type=<class 'numpywren.frontend.ConstIntType'>),
                    body=[
                        For(var='level',
                            min=IntConst(val=0, type=<class 'numpywren.frontend.ConstIntType'>),
                            max=Ref(name='tree_depth', type=<class 'numpywren.frontend.ConstIntType'>),
                            step=IntConst(val=1, type=<class 'numpywren.frontend.ConstIntType'>),
                            body=[
                                For(var='k',
                                    min=IntConst(val=0, type=<class 'numpywren.frontend.ConstIntType'>),
                                    max=Ref(name='K', type=<class 'numpywren.frontend.ConstIntType'>),
                                    step=BinOp(op='Pow',
                                        left=IntConst(val=4, type=<class 'numpywren.frontend.ConstIntType'>),
                                        right=BinOp(op='Add',
                                            left=Ref(name='level', type=<class 'numpywren.frontend.LinearIntType'>),
                                            right=IntConst(val=1, type=<class 'numpywren.frontend.ConstIntType'>),
                                            type=<class 'numpywren.frontend.LinearIntType'>),
                                        type=<class 'numpywren.frontend.IntType'>),
                                    body=[
                                        RemoteCallAbstract(compute=<function add_matrices at 0x7fe63bec10d0>,
                                            output=[
                                                IndexExpr(matrix_name='Temp',
                                                    indices=[Ref(name='i', type=<class 'numpywren.frontend.LinearIntType'>),
                                                        Ref(name='j', type=<class 'numpywren.frontend.LinearIntType'>),
                                                        Ref(name='k', type=<class 'numpywren.frontend.LinearIntType'>),
                                                        BinOp(op='Add',
                                                            left=Ref(name='level',
                                                                type=<class 'numpywren.frontend.LinearIntType'>),
                                                            right=IntConst(val=1,
                                                                type=<class 'numpywren.frontend.ConstIntType'>),
                                                            type=<class 'numpywren.frontend.LinearIntType'>)])],
                                            args=[
                                                IndexExpr(matrix_name='Temp',
                                                    indices=[Ref(name='i', type=<class 'numpywren.frontend.LinearIntType'>),
                                                        Ref(name='j', type=<class 'numpywren.frontend.LinearIntType'>),
                                                        Ref(name='k', type=<class 'numpywren.frontend.LinearIntType'>),
                                                        Ref(name='level',
                                                            type=<class 'numpywren.frontend.LinearIntType'>)]),
                                                IndexExpr(matrix_name='Temp',
                                                    indices=[Ref(name='i', type=<class 'numpywren.frontend.LinearIntType'>),
                                                        Ref(name='j', type=<class 'numpywren.frontend.LinearIntType'>),
                                                        BinOp(op='Add',
                                                            left=Ref(name='k',
                                                                type=<class 'numpywren.frontend.LinearIntType'>),
                                                            right=BinOp(op='Pow',
                                                                left=IntConst(val=4,
                                                                    type=<class 'numpywren.frontend.ConstIntType'>),
                                                                right=Ref(name='level',
                                                                    type=<class 'numpywren.frontend.LinearIntType'>),
                                                                type=<class 'numpywren.frontend.IntType'>),
                                                            type=<class 'numpywren.frontend.IntType'>),
                                                        Ref(name='level',
                                                            type=<class 'numpywren.frontend.LinearIntType'>)]),
                                                IndexExpr(matrix_name='Temp',
                                                    indices=[Ref(name='i', type=<class 'numpywren.frontend.LinearIntType'>),
                                                        Ref(name='j', type=<class 'numpywren.frontend.LinearIntType'>),
                                                        BinOp(op='Add',
                                                            left=Ref(name='k',
                                                                type=<class 'numpywren.frontend.LinearIntType'>),
                                                            right=BinOp(op='Mult',
                                                                left=IntConst(val=2,
                                                                    type=<class 'numpywren.frontend.ConstIntType'>),
                                                                right=BinOp(op='Pow',
                                                                    left=IntConst(val=4,
                                                                        type=<class 'numpywren.frontend.ConstIntType'>),
                                                                    right=Ref(name='level',
                                                                        type=<class 'numpywren.frontend.LinearIntType'>),
                                                                    type=<class 'numpywren.frontend.IntType'>),
                                                                type=<class 'numpywren.frontend.IntType'>),
                                                            type=<class 'numpywren.frontend.IntType'>),
                                                        Ref(name='level',
                                                            type=<class 'numpywren.frontend.LinearIntType'>)]),
                                                IndexExpr(matrix_name='Temp',
                                                    indices=[Ref(name='i', type=<class 'numpywren.frontend.LinearIntType'>),
                                                        Ref(name='j', type=<class 'numpywren.frontend.LinearIntType'>),
                                                        BinOp(op='Add',
                                                            left=Ref(name='k',
                                                                type=<class 'numpywren.frontend.LinearIntType'>),
                                                            right=BinOp(op='Mult',
                                                                left=IntConst(val=3,
                                                                    type=<class 'numpywren.frontend.ConstIntType'>),
                                                                right=BinOp(op='Pow',
                                                                    left=IntConst(val=4,
                                                                        type=<class 'numpywren.frontend.ConstIntType'>),
                                                                    right=Ref(name='level',
                                                                        type=<class 'numpywren.frontend.LinearIntType'>),
                                                                    type=<class 'numpywren.frontend.IntType'>),
                                                                type=<class 'numpywren.frontend.IntType'>),
                                                            type=<class 'numpywren.frontend.IntType'>),
                                                        Ref(name='level',
                                                            type=<class 'numpywren.frontend.LinearIntType'>)])],
                                            kwargs=None,
                                            type=<class 'type'>)])])])]),
        For(var='i',
            min=IntConst(val=0, type=<class 'numpywren.frontend.ConstIntType'>),
            max=Ref(name='M', type=<class 'numpywren.frontend.ConstIntType'>),
            step=IntConst(val=1, type=<class 'numpywren.frontend.ConstIntType'>),
            body=[
                For(var='j',
                    min=IntConst(val=0, type=<class 'numpywren.frontend.ConstIntType'>),
                    max=Ref(name='N', type=<class 'numpywren.frontend.ConstIntType'>),
                    step=IntConst(val=1, type=<class 'numpywren.frontend.ConstIntType'>),
                    body=[
                        RemoteCallAbstract(compute=<function identity at 0x7fe63bec1d08>,
                            output=[
                                IndexExpr(matrix_name='Out',
                                    indices=[Ref(name='i', type=<class 'numpywren.frontend.LinearIntType'>),
                                        Ref(name='j', type=<class 'numpywren.frontend.LinearIntType'>)])],
                            args=[
                                IndexExpr(matrix_name='Temp',
                                    indices=[Ref(name='i', type=<class 'numpywren.frontend.LinearIntType'>),
                                        Ref(name='j', type=<class 'numpywren.frontend.LinearIntType'>),
                                        IntConst(val=0, type=<class 'numpywren.frontend.ConstIntType'>),
                                        Ref(name='tree_depth', type=<class 'numpywren.frontend.ConstIntType'>)])],
                            kwargs=None,
                            type=<class 'type'>)])])],
    arg_types=[<class 'numpywren.frontend.BigMatrixType'>,
        <class 'numpywren.frontend.BigMatrixType'>,
        <class 'numpywren.frontend.ConstIntType'>,
        <class 'numpywren.frontend.ConstIntType'>,
        <class 'numpywren.frontend.ConstIntType'>,
        <class 'numpywren.frontend.BigMatrixType'>,
        <class 'numpywren.frontend.BigMatrixType'>])

2020-04-09 19:14:27,733 - root - INFO - [2020-04-09 19:14:27.733312] Starting with 25 cores
2020-04-09 19:14:33,311 - root - DEBUG - 5: Up Workers: 25, Busy Workers: 24
2020-04-09 19:14:33,311 - root - INFO - Waiting: 475, Currently Processing: 24
2020-04-09 19:14:33,311 - root - INFO - 5: Up Workers: 25, Busy Workers: 24
2020-04-09 19:14:38,387 - root - DEBUG - 10: Up Workers: 25, Busy Workers: 25
2020-04-09 19:14:38,387 - root - INFO - Waiting: 430, Currently Processing: 25
2020-04-09 19:14:38,387 - root - INFO - 10: Up Workers: 25, Busy Workers: 25
2020-04-09 19:14:43,464 - root - DEBUG - 15: Up Workers: 25, Busy Workers: 25
2020-04-09 19:14:43,464 - root - INFO - Waiting: 391, Currently Processing: 25
2020-04-09 19:14:43,464 - root - INFO - 15: Up Workers: 25, Busy Workers: 25
2020-04-09 19:14:48,524 - root - DEBUG - 20: Up Workers: 25, Busy Workers: 23
2020-04-09 19:14:48,524 - root - INFO - Waiting: 359, Currently Processing: 25
2020-04-09 19:14:48,524 - root - INFO - 20: Up Workers: 25, Busy Workers: 23
2020-04-09 19:14:53,580 - root - DEBUG - 25: Up Workers: 25, Busy Workers: 25
2020-04-09 19:14:53,581 - root - INFO - Waiting: 312, Currently Processing: 25
2020-04-09 19:14:53,581 - root - INFO - 25: Up Workers: 25, Busy Workers: 25
2020-04-09 19:14:58,683 - root - DEBUG - 30: Up Workers: 25, Busy Workers: 25
2020-04-09 19:14:58,683 - root - INFO - Waiting: 272, Currently Processing: 25
2020-04-09 19:14:58,683 - root - INFO - 30: Up Workers: 25, Busy Workers: 25
2020-04-09 19:15:03,764 - root - DEBUG - 35: Up Workers: 25, Busy Workers: 25
2020-04-09 19:15:03,765 - root - INFO - Waiting: 234, Currently Processing: 25
2020-04-09 19:15:03,765 - root - INFO - 35: Up Workers: 25, Busy Workers: 25
2020-04-09 19:15:08,851 - root - DEBUG - 40: Up Workers: 25, Busy Workers: 25
2020-04-09 19:15:08,851 - root - INFO - Waiting: 194, Currently Processing: 25
2020-04-09 19:15:08,851 - root - INFO - 40: Up Workers: 25, Busy Workers: 25
2020-04-09 19:15:13,937 - root - DEBUG - 45: Up Workers: 25, Busy Workers: 23
2020-04-09 19:15:13,938 - root - INFO - Waiting: 158, Currently Processing: 24
2020-04-09 19:15:13,938 - root - INFO - 45: Up Workers: 25, Busy Workers: 23
2020-04-09 19:15:19,014 - root - DEBUG - 50: Up Workers: 25, Busy Workers: 24
2020-04-09 19:15:19,014 - root - INFO - Waiting: 158, Currently Processing: 24
2020-04-09 19:15:19,014 - root - INFO - 50: Up Workers: 25, Busy Workers: 24
2020-04-09 19:15:24,112 - root - DEBUG - 55: Up Workers: 25, Busy Workers: 25
2020-04-09 19:15:24,112 - root - INFO - Waiting: 93, Currently Processing: 25
2020-04-09 19:15:24,112 - root - INFO - 55: Up Workers: 25, Busy Workers: 25
2020-04-09 19:15:29,171 - root - DEBUG - 60: Up Workers: 25, Busy Workers: 25
2020-04-09 19:15:29,171 - root - INFO - Waiting: 74, Currently Processing: 25
2020-04-09 19:15:29,171 - root - INFO - 60: Up Workers: 25, Busy Workers: 25
2020-04-09 19:15:34,243 - root - DEBUG - 65: Up Workers: 25, Busy Workers: 25
2020-04-09 19:15:34,243 - root - INFO - Waiting: 61, Currently Processing: 25
2020-04-09 19:15:34,243 - root - INFO - 65: Up Workers: 25, Busy Workers: 25
2020-04-09 19:15:39,320 - root - DEBUG - 71: Up Workers: 25, Busy Workers: 25
2020-04-09 19:15:44,390 - root - DEBUG - 76: Up Workers: 25, Busy Workers: 24
2020-04-09 19:15:49,504 - root - DEBUG - 81: Up Workers: 25, Busy Workers: 25
2020-04-09 19:15:54,573 - root - DEBUG - 86: Up Workers: 25, Busy Workers: 4
2020-04-09 19:15:59,625 - root - DEBUG - 91: Up Workers: 25, Busy Workers: 1
2020-04-09 19:16:04,697 - root - DEBUG - 96: Up Workers: 25, Busy Workers: 1
2020-04-09 19:16:09,774 - root - DEBUG - 101: Up Workers: 25, Busy Workers: 1
2020-04-09 19:16:14,824 - root - DEBUG - 106: Up Workers: 25, Busy Workers: 1
2020-04-09 19:16:19,875 - root - DEBUG - 111: Up Workers: 25, Busy Workers: 1
2020-04-09 19:16:24,927 - root - DEBUG - 116: Up Workers: 25, Busy Workers: 1
2020-04-09 19:16:29,979 - root - DEBUG - 121: Up Workers: 25, Busy Workers: 1
2020-04-09 19:16:29,988 - root - INFO - launching 25 new tasks....
2020-04-09 19:16:35,030 - root - DEBUG - 126: Up Workers: 25, Busy Workers: 1
2020-04-09 19:16:40,076 - root - DEBUG - 131: Up Workers: 25, Busy Workers: 1
2020-04-09 19:16:45,136 - root - DEBUG - 136: Up Workers: 25, Busy Workers: 1
2020-04-09 19:16:50,238 - root - DEBUG - 141: Up Workers: 31, Busy Workers: 1
2020-04-09 19:16:55,292 - root - DEBUG - 146: Up Workers: 1, Busy Workers: 1
2020-04-09 19:16:55,444 - root - INFO - [2020-04-09 19:16:55.444056] Logging to 0040db79048e615e3d90654909b6c190.log.
2020-04-09 19:16:55,444 - root - INFO - [2020-04-09 19:16:55.444056] Logging to 0040db79048e615e3d90654909b6c190.log.
2020-04-09 19:20:09,345 - root - INFO - [2020-04-09 19:20:09.345209] Logging to 0040db79048e615e3d90654909b6c190.log.
2020-04-09 19:20:15,745 - root - INFO - [2020-04-09 19:20:15.745576] Logging to 0040db79048e615e3d90654909b6c190.log.
