2020-04-10 18:46:20,094 - root - INFO - Logging to 012a1bddb6b4c2068f0660378a9e7dbc.log
2020-04-10 18:46:21,836 - root - DEBUG - Python AST:
FunctionDef(name='TSQR',
    args=arguments(
        args=[arg(arg='A', annotation=Name(id='BigMatrix')),
            arg(arg='Vs', annotation=Name(id='BigMatrix')),
            arg(arg='Ts', annotation=Name(id='BigMatrix')),
            arg(arg='Rs', annotation=Name(id='BigMatrix')),
            arg(arg='N', annotation=Name(id='int'))],
        vararg=None,
        kwonlyargs=[],
        kw_defaults=[],
        kwarg=None,
        defaults=[]),
    body=[
        For(target=Name(id='j'),
            iter=Call(func=Name(id='range'), args=[Num(n=0), Name(id='N')], keywords=[]),
            body=[
                Assign(
                    targets=[
                        Tuple(
                            elts=[
                                Subscript(value=Name(id='Vs'), slice=Index(value=Tuple(elts=[Num(n=0), Name(id='j')]))),
                                Subscript(value=Name(id='Ts'), slice=Index(value=Tuple(elts=[Num(n=0), Name(id='j')]))),
                                Subscript(value=Name(id='Rs'), slice=Index(value=Tuple(elts=[Num(n=0), Name(id='j')])))])],
                    value=Call(func=Name(id='qr_factor'),
                        args=[Subscript(value=Name(id='A'), slice=Index(value=Tuple(elts=[Name(id='j'), Num(n=0)])))],
                        keywords=[]))],
            orelse=[]),
        For(target=Name(id='level'),
            iter=Call(func=Name(id='range'),
                args=[Num(n=0),
                    Call(func=Name(id='ceiling'),
                        args=[
                            BinOp(left=Call(func=Name(id='log'), args=[Name(id='N')], keywords=[]),
                                op=Div,
                                right=Call(func=Name(id='log'), args=[Num(n=2)], keywords=[]))],
                        keywords=[])],
                keywords=[]),
            body=[
                For(target=Name(id='j'),
                    iter=Call(func=Name(id='range'),
                        args=[Num(n=0),
                            Name(id='N'),
                            BinOp(left=Num(n=2), op=Pow, right=BinOp(left=Name(id='level'), op=Add, right=Num(n=1)))],
                        keywords=[]),
                    body=[
                        Assign(
                            targets=[
                                Tuple(
                                    elts=[
                                        Subscript(value=Name(id='Vs'),
                                            slice=Index(
                                                value=Tuple(
                                                    elts=[BinOp(left=Name(id='level'), op=Add, right=Num(n=1)),
                                                        Name(id='j')]))),
                                        Subscript(value=Name(id='Ts'),
                                            slice=Index(
                                                value=Tuple(
                                                    elts=[BinOp(left=Name(id='level'), op=Add, right=Num(n=1)),
                                                        Name(id='j')]))),
                                        Subscript(value=Name(id='Rs'),
                                            slice=Index(
                                                value=Tuple(
                                                    elts=[BinOp(left=Name(id='level'), op=Add, right=Num(n=1)),
                                                        Name(id='j')])))])],
                            value=Call(func=Name(id='qr_factor'),
                                args=[
                                    Subscript(value=Name(id='Rs'),
                                        slice=Index(value=Tuple(elts=[Name(id='level'), Name(id='j')]))),
                                    Subscript(value=Name(id='Rs'),
                                        slice=Index(
                                            value=Tuple(
                                                elts=[Name(id='level'),
                                                    BinOp(left=Name(id='j'),
                                                        op=Add,
                                                        right=BinOp(left=Num(n=2), op=Pow, right=Name(id='level')))])))],
                                keywords=[]))],
                    orelse=[])],
            orelse=[])],
    decorator_list=[],
    returns=None)

2020-04-10 18:46:21,837 - root - DEBUG - IR AST:
FuncDef(name='TSQR',
    args=['A', 'Vs', 'Ts', 'Rs', 'N'],
    body=[
        For(var='j',
            min=IntConst(val=0, type=None),
            max=Ref(name='N', type=None),
            step=IntConst(val=1, type=None),
            body=[
                RemoteCallAbstract(compute=<function qr_factor at 0x7f3e20807400>,
                    output=[
                        IndexExpr(matrix_name='Vs', indices=[IntConst(val=0, type=None), Ref(name='j', type=None)]),
                        IndexExpr(matrix_name='Ts', indices=[IntConst(val=0, type=None), Ref(name='j', type=None)]),
                        IndexExpr(matrix_name='Rs', indices=[IntConst(val=0, type=None), Ref(name='j', type=None)])],
                    args=[IndexExpr(matrix_name='A', indices=[Ref(name='j', type=None), IntConst(val=0, type=None)])],
                    kwargs=None,
                    type=None)]),
        For(var='level',
            min=IntConst(val=0, type=None),
            max=Mfunc(op='ceiling',
                e=BinOp(op='Div',
                    left=Mfunc(op='log', e=Ref(name='N', type=None), type=None),
                    right=Mfunc(op='log', e=IntConst(val=2, type=None), type=None),
                    type=None),
                type=None),
            step=IntConst(val=1, type=None),
            body=[
                For(var='j',
                    min=IntConst(val=0, type=None),
                    max=Ref(name='N', type=None),
                    step=BinOp(op='Pow',
                        left=IntConst(val=2, type=None),
                        right=BinOp(op='Add',
                            left=Ref(name='level', type=None),
                            right=IntConst(val=1, type=None),
                            type=None),
                        type=None),
                    body=[
                        RemoteCallAbstract(compute=<function qr_factor at 0x7f3e20807400>,
                            output=[
                                IndexExpr(matrix_name='Vs',
                                    indices=[
                                        BinOp(op='Add',
                                            left=Ref(name='level', type=None),
                                            right=IntConst(val=1, type=None),
                                            type=None),
                                        Ref(name='j', type=None)]),
                                IndexExpr(matrix_name='Ts',
                                    indices=[
                                        BinOp(op='Add',
                                            left=Ref(name='level', type=None),
                                            right=IntConst(val=1, type=None),
                                            type=None),
                                        Ref(name='j', type=None)]),
                                IndexExpr(matrix_name='Rs',
                                    indices=[
                                        BinOp(op='Add',
                                            left=Ref(name='level', type=None),
                                            right=IntConst(val=1, type=None),
                                            type=None),
                                        Ref(name='j', type=None)])],
                            args=[
                                IndexExpr(matrix_name='Rs',
                                    indices=[Ref(name='level', type=None), Ref(name='j', type=None)]),
                                IndexExpr(matrix_name='Rs',
                                    indices=[Ref(name='level', type=None),
                                        BinOp(op='Add',
                                            left=Ref(name='j', type=None),
                                            right=BinOp(op='Pow',
                                                left=IntConst(val=2, type=None),
                                                right=Ref(name='level', type=None),
                                                type=None),
                                            type=None)])],
                            kwargs=None,
                            type=None)])])],
    arg_types=[<class 'numpywren.matrix.BigMatrix'>,
        <class 'numpywren.matrix.BigMatrix'>,
        <class 'numpywren.matrix.BigMatrix'>,
        <class 'numpywren.matrix.BigMatrix'>,
        <class 'int'>])

2020-04-10 18:46:21,838 - root - DEBUG - typed IR AST:
FuncDef(name='TSQR',
    args=['A', 'Vs', 'Ts', 'Rs', 'N'],
    body=[
        For(var='j',
            min=IntConst(val=0, type=<class 'numpywren.frontend.ConstIntType'>),
            max=Ref(name='N', type=<class 'numpywren.frontend.ConstIntType'>),
            step=IntConst(val=1, type=<class 'numpywren.frontend.ConstIntType'>),
            body=[
                RemoteCallAbstract(compute=<function qr_factor at 0x7f3e20807400>,
                    output=[
                        IndexExpr(matrix_name='Vs',
                            indices=[IntConst(val=0, type=<class 'numpywren.frontend.ConstIntType'>),
                                Ref(name='j', type=<class 'numpywren.frontend.LinearIntType'>)]),
                        IndexExpr(matrix_name='Ts',
                            indices=[IntConst(val=0, type=<class 'numpywren.frontend.ConstIntType'>),
                                Ref(name='j', type=<class 'numpywren.frontend.LinearIntType'>)]),
                        IndexExpr(matrix_name='Rs',
                            indices=[IntConst(val=0, type=<class 'numpywren.frontend.ConstIntType'>),
                                Ref(name='j', type=<class 'numpywren.frontend.LinearIntType'>)])],
                    args=[
                        IndexExpr(matrix_name='A',
                            indices=[Ref(name='j', type=<class 'numpywren.frontend.LinearIntType'>),
                                IntConst(val=0, type=<class 'numpywren.frontend.ConstIntType'>)])],
                    kwargs=None,
                    type=<class 'type'>)]),
        For(var='level',
            min=IntConst(val=0, type=<class 'numpywren.frontend.ConstIntType'>),
            max=Mfunc(op='ceiling',
                e=BinOp(op='Div',
                    left=Mfunc(op='log',
                        e=Ref(name='N', type=<class 'numpywren.frontend.ConstIntType'>),
                        type=<class 'numpywren.frontend.ConstFloatType'>),
                    right=Mfunc(op='log',
                        e=IntConst(val=2, type=<class 'numpywren.frontend.ConstIntType'>),
                        type=<class 'numpywren.frontend.ConstFloatType'>),
                    type=<class 'numpywren.frontend.ConstFloatType'>),
                type=<class 'numpywren.frontend.ConstIntType'>),
            step=IntConst(val=1, type=<class 'numpywren.frontend.ConstIntType'>),
            body=[
                For(var='j',
                    min=IntConst(val=0, type=<class 'numpywren.frontend.ConstIntType'>),
                    max=Ref(name='N', type=<class 'numpywren.frontend.ConstIntType'>),
                    step=BinOp(op='Pow',
                        left=IntConst(val=2, type=<class 'numpywren.frontend.ConstIntType'>),
                        right=BinOp(op='Add',
                            left=Ref(name='level', type=<class 'numpywren.frontend.LinearIntType'>),
                            right=IntConst(val=1, type=<class 'numpywren.frontend.ConstIntType'>),
                            type=<class 'numpywren.frontend.LinearIntType'>),
                        type=<class 'numpywren.frontend.IntType'>),
                    body=[
                        RemoteCallAbstract(compute=<function qr_factor at 0x7f3e20807400>,
                            output=[
                                IndexExpr(matrix_name='Vs',
                                    indices=[
                                        BinOp(op='Add',
                                            left=Ref(name='level', type=<class 'numpywren.frontend.LinearIntType'>),
                                            right=IntConst(val=1, type=<class 'numpywren.frontend.ConstIntType'>),
                                            type=<class 'numpywren.frontend.LinearIntType'>),
                                        Ref(name='j', type=<class 'numpywren.frontend.LinearIntType'>)]),
                                IndexExpr(matrix_name='Ts',
                                    indices=[
                                        BinOp(op='Add',
                                            left=Ref(name='level', type=<class 'numpywren.frontend.LinearIntType'>),
                                            right=IntConst(val=1, type=<class 'numpywren.frontend.ConstIntType'>),
                                            type=<class 'numpywren.frontend.LinearIntType'>),
                                        Ref(name='j', type=<class 'numpywren.frontend.LinearIntType'>)]),
                                IndexExpr(matrix_name='Rs',
                                    indices=[
                                        BinOp(op='Add',
                                            left=Ref(name='level', type=<class 'numpywren.frontend.LinearIntType'>),
                                            right=IntConst(val=1, type=<class 'numpywren.frontend.ConstIntType'>),
                                            type=<class 'numpywren.frontend.LinearIntType'>),
                                        Ref(name='j', type=<class 'numpywren.frontend.LinearIntType'>)])],
                            args=[
                                IndexExpr(matrix_name='Rs',
                                    indices=[Ref(name='level', type=<class 'numpywren.frontend.LinearIntType'>),
                                        Ref(name='j', type=<class 'numpywren.frontend.LinearIntType'>)]),
                                IndexExpr(matrix_name='Rs',
                                    indices=[Ref(name='level', type=<class 'numpywren.frontend.LinearIntType'>),
                                        BinOp(op='Add',
                                            left=Ref(name='j', type=<class 'numpywren.frontend.LinearIntType'>),
                                            right=BinOp(op='Pow',
                                                left=IntConst(val=2, type=<class 'numpywren.frontend.ConstIntType'>),
                                                right=Ref(name='level',
                                                    type=<class 'numpywren.frontend.LinearIntType'>),
                                                type=<class 'numpywren.frontend.IntType'>),
                                            type=<class 'numpywren.frontend.IntType'>)])],
                            kwargs=None,
                            type=<class 'type'>)])])],
    arg_types=[<class 'numpywren.frontend.BigMatrixType'>,
        <class 'numpywren.frontend.BigMatrixType'>,
        <class 'numpywren.frontend.BigMatrixType'>,
        <class 'numpywren.frontend.BigMatrixType'>,
        <class 'numpywren.frontend.ConstIntType'>])

2020-04-10 18:46:22,700 - root - INFO - Starting with 32 cores
2020-04-10 18:46:27,807 - root - DEBUG - 5: Up Workers: 32, Busy Workers: 1
2020-04-10 18:46:27,807 - root - INFO - Waiting: 0, Currently Processing: 1
2020-04-10 18:46:27,807 - root - INFO - 5: Up Workers: 32, Busy Workers: 1
2020-04-10 18:46:32,861 - root - DEBUG - 10: Up Workers: 32, Busy Workers: 1
2020-04-10 18:46:32,861 - root - INFO - Waiting: 0, Currently Processing: 1
2020-04-10 18:46:32,861 - root - INFO - 10: Up Workers: 32, Busy Workers: 1
2020-04-10 18:46:37,928 - root - DEBUG - 15: Up Workers: 32, Busy Workers: 1
2020-04-10 18:46:37,928 - root - INFO - Waiting: 0, Currently Processing: 1
2020-04-10 18:46:37,928 - root - INFO - 15: Up Workers: 32, Busy Workers: 1
2020-04-10 18:46:42,972 - root - DEBUG - 20: Up Workers: 32, Busy Workers: 1
2020-04-10 18:46:42,972 - root - INFO - Waiting: 0, Currently Processing: 1
2020-04-10 18:46:42,972 - root - INFO - 20: Up Workers: 32, Busy Workers: 1
2020-04-10 18:46:48,015 - root - DEBUG - 25: Up Workers: 32, Busy Workers: 1
2020-04-10 18:46:48,015 - root - INFO - Waiting: 0, Currently Processing: 1
2020-04-10 18:46:48,015 - root - INFO - 25: Up Workers: 32, Busy Workers: 1
2020-04-10 18:46:53,061 - root - DEBUG - 30: Up Workers: 32, Busy Workers: 1
2020-04-10 18:46:53,061 - root - INFO - Waiting: 0, Currently Processing: 1
2020-04-10 18:46:53,061 - root - INFO - 30: Up Workers: 32, Busy Workers: 1
2020-04-10 18:46:58,137 - root - DEBUG - 35: Up Workers: 32, Busy Workers: 1
2020-04-10 18:46:58,137 - root - INFO - Waiting: 0, Currently Processing: 1
2020-04-10 18:46:58,138 - root - INFO - 35: Up Workers: 32, Busy Workers: 1
2020-04-10 18:47:03,184 - root - DEBUG - 40: Up Workers: 32, Busy Workers: 1
2020-04-10 18:47:03,184 - root - INFO - Waiting: 0, Currently Processing: 1
2020-04-10 18:47:03,184 - root - INFO - 40: Up Workers: 32, Busy Workers: 1
2020-04-10 18:47:08,230 - root - DEBUG - 45: Up Workers: 32, Busy Workers: 1
2020-04-10 18:47:08,230 - root - INFO - Waiting: 0, Currently Processing: 1
2020-04-10 18:47:08,230 - root - INFO - 45: Up Workers: 32, Busy Workers: 1
2020-04-10 18:47:13,324 - root - DEBUG - 50: Up Workers: 32, Busy Workers: 1
2020-04-10 18:47:13,324 - root - INFO - Waiting: 0, Currently Processing: 1
2020-04-10 18:47:13,324 - root - INFO - 50: Up Workers: 32, Busy Workers: 1
2020-04-10 18:47:18,368 - root - DEBUG - 55: Up Workers: 32, Busy Workers: 1
2020-04-10 18:47:18,368 - root - INFO - Waiting: 0, Currently Processing: 1
2020-04-10 18:47:18,368 - root - INFO - 55: Up Workers: 32, Busy Workers: 1
2020-04-10 18:47:23,419 - root - DEBUG - 60: Up Workers: 32, Busy Workers: 1
2020-04-10 18:47:23,419 - root - INFO - Waiting: 0, Currently Processing: 1
2020-04-10 18:47:23,419 - root - INFO - 60: Up Workers: 32, Busy Workers: 1
2020-04-10 18:47:28,513 - root - DEBUG - 65: Up Workers: 32, Busy Workers: 1
2020-04-10 18:47:28,513 - root - INFO - Waiting: 0, Currently Processing: 1
2020-04-10 18:47:28,513 - root - INFO - 65: Up Workers: 32, Busy Workers: 1
2020-04-10 18:47:33,557 - root - DEBUG - 70: Up Workers: 32, Busy Workers: 1
2020-04-10 18:47:33,557 - root - INFO - Waiting: 0, Currently Processing: 1
2020-04-10 18:47:33,557 - root - INFO - 70: Up Workers: 32, Busy Workers: 1
2020-04-10 18:47:38,655 - root - DEBUG - 75: Up Workers: 32, Busy Workers: 1
2020-04-10 18:47:38,655 - root - INFO - Waiting: 0, Currently Processing: 1
2020-04-10 18:47:38,655 - root - INFO - 75: Up Workers: 32, Busy Workers: 1
2020-04-10 18:47:43,705 - root - DEBUG - 80: Up Workers: 32, Busy Workers: 1
2020-04-10 18:47:43,705 - root - INFO - Waiting: 0, Currently Processing: 1
2020-04-10 18:47:43,706 - root - INFO - 80: Up Workers: 32, Busy Workers: 1
2020-04-10 18:47:48,754 - root - DEBUG - 86: Up Workers: 32, Busy Workers: 1
2020-04-10 18:47:53,801 - root - DEBUG - 91: Up Workers: 32, Busy Workers: 1
2020-04-10 18:47:58,849 - root - DEBUG - 96: Up Workers: 32, Busy Workers: 1
2020-04-10 18:48:03,893 - root - DEBUG - 101: Up Workers: 32, Busy Workers: 1
2020-04-10 18:48:08,973 - root - DEBUG - 106: Up Workers: 32, Busy Workers: 1
