2020-04-10 18:14:24,630 - root - INFO - Logging to 74187d31694825c214d7674a2b32cdc8.log
2020-04-10 18:14:25,592 - root - DEBUG - Python AST:
FunctionDef(name='TSQR',
    args=arguments(
        args=[arg(arg='A', annotation=Name(id='BigMatrix')),
            arg(arg='Vs', annotation=Name(id='BigMatrix')),
            arg(arg='Ts', annotation=Name(id='BigMatrix')),
            arg(arg='Rs', annotation=Name(id='BigMatrix')),
            arg(arg='N', annotation=Name(id='int'))],
        vararg=None,
        kwonlyargs=[],
        kw_defaults=[],
        kwarg=None,
        defaults=[]),
    body=[
        For(target=Name(id='j'),
            iter=Call(func=Name(id='range'), args=[Num(n=0), Name(id='N')], keywords=[]),
            body=[
                Assign(
                    targets=[
                        Tuple(
                            elts=[
                                Subscript(value=Name(id='Vs'), slice=Index(value=Tuple(elts=[Num(n=0), Name(id='j')]))),
                                Subscript(value=Name(id='Ts'), slice=Index(value=Tuple(elts=[Num(n=0), Name(id='j')]))),
                                Subscript(value=Name(id='Rs'), slice=Index(value=Tuple(elts=[Num(n=0), Name(id='j')])))])],
                    value=Call(func=Name(id='qr_factor'),
                        args=[Subscript(value=Name(id='A'), slice=Index(value=Tuple(elts=[Name(id='j'), Num(n=0)])))],
                        keywords=[]))],
            orelse=[]),
        For(target=Name(id='level'),
            iter=Call(func=Name(id='range'),
                args=[Num(n=0),
                    Call(func=Name(id='ceiling'),
                        args=[
                            BinOp(left=Call(func=Name(id='log'), args=[Name(id='N')], keywords=[]),
                                op=Div,
                                right=Call(func=Name(id='log'), args=[Num(n=2)], keywords=[]))],
                        keywords=[])],
                keywords=[]),
            body=[
                For(target=Name(id='j'),
                    iter=Call(func=Name(id='range'),
                        args=[Num(n=0),
                            Name(id='N'),
                            BinOp(left=Num(n=2), op=Pow, right=BinOp(left=Name(id='level'), op=Add, right=Num(n=1)))],
                        keywords=[]),
                    body=[
                        Assign(
                            targets=[
                                Tuple(
                                    elts=[
                                        Subscript(value=Name(id='Vs'),
                                            slice=Index(
                                                value=Tuple(
                                                    elts=[BinOp(left=Name(id='level'), op=Add, right=Num(n=1)),
                                                        Name(id='j')]))),
                                        Subscript(value=Name(id='Ts'),
                                            slice=Index(
                                                value=Tuple(
                                                    elts=[BinOp(left=Name(id='level'), op=Add, right=Num(n=1)),
                                                        Name(id='j')]))),
                                        Subscript(value=Name(id='Rs'),
                                            slice=Index(
                                                value=Tuple(
                                                    elts=[BinOp(left=Name(id='level'), op=Add, right=Num(n=1)),
                                                        Name(id='j')])))])],
                            value=Call(func=Name(id='qr_factor'),
                                args=[
                                    Subscript(value=Name(id='Rs'),
                                        slice=Index(value=Tuple(elts=[Name(id='level'), Name(id='j')]))),
                                    Subscript(value=Name(id='Rs'),
                                        slice=Index(
                                            value=Tuple(
                                                elts=[Name(id='level'),
                                                    BinOp(left=Name(id='j'),
                                                        op=Add,
                                                        right=BinOp(left=Num(n=2), op=Pow, right=Name(id='level')))])))],
                                keywords=[]))],
                    orelse=[])],
            orelse=[])],
    decorator_list=[],
    returns=None)

2020-04-10 18:14:25,593 - root - DEBUG - IR AST:
FuncDef(name='TSQR',
    args=['A', 'Vs', 'Ts', 'Rs', 'N'],
    body=[
        For(var='j',
            min=IntConst(val=0, type=None),
            max=Ref(name='N', type=None),
            step=IntConst(val=1, type=None),
            body=[
                RemoteCallAbstract(compute=<function qr_factor at 0x7f59f1f23400>,
                    output=[
                        IndexExpr(matrix_name='Vs', indices=[IntConst(val=0, type=None), Ref(name='j', type=None)]),
                        IndexExpr(matrix_name='Ts', indices=[IntConst(val=0, type=None), Ref(name='j', type=None)]),
                        IndexExpr(matrix_name='Rs', indices=[IntConst(val=0, type=None), Ref(name='j', type=None)])],
                    args=[IndexExpr(matrix_name='A', indices=[Ref(name='j', type=None), IntConst(val=0, type=None)])],
                    kwargs=None,
                    type=None)]),
        For(var='level',
            min=IntConst(val=0, type=None),
            max=Mfunc(op='ceiling',
                e=BinOp(op='Div',
                    left=Mfunc(op='log', e=Ref(name='N', type=None), type=None),
                    right=Mfunc(op='log', e=IntConst(val=2, type=None), type=None),
                    type=None),
                type=None),
            step=IntConst(val=1, type=None),
            body=[
                For(var='j',
                    min=IntConst(val=0, type=None),
                    max=Ref(name='N', type=None),
                    step=BinOp(op='Pow',
                        left=IntConst(val=2, type=None),
                        right=BinOp(op='Add',
                            left=Ref(name='level', type=None),
                            right=IntConst(val=1, type=None),
                            type=None),
                        type=None),
                    body=[
                        RemoteCallAbstract(compute=<function qr_factor at 0x7f59f1f23400>,
                            output=[
                                IndexExpr(matrix_name='Vs',
                                    indices=[
                                        BinOp(op='Add',
                                            left=Ref(name='level', type=None),
                                            right=IntConst(val=1, type=None),
                                            type=None),
                                        Ref(name='j', type=None)]),
                                IndexExpr(matrix_name='Ts',
                                    indices=[
                                        BinOp(op='Add',
                                            left=Ref(name='level', type=None),
                                            right=IntConst(val=1, type=None),
                                            type=None),
                                        Ref(name='j', type=None)]),
                                IndexExpr(matrix_name='Rs',
                                    indices=[
                                        BinOp(op='Add',
                                            left=Ref(name='level', type=None),
                                            right=IntConst(val=1, type=None),
                                            type=None),
                                        Ref(name='j', type=None)])],
                            args=[
                                IndexExpr(matrix_name='Rs',
                                    indices=[Ref(name='level', type=None), Ref(name='j', type=None)]),
                                IndexExpr(matrix_name='Rs',
                                    indices=[Ref(name='level', type=None),
                                        BinOp(op='Add',
                                            left=Ref(name='j', type=None),
                                            right=BinOp(op='Pow',
                                                left=IntConst(val=2, type=None),
                                                right=Ref(name='level', type=None),
                                                type=None),
                                            type=None)])],
                            kwargs=None,
                            type=None)])])],
    arg_types=[<class 'numpywren.matrix.BigMatrix'>,
        <class 'numpywren.matrix.BigMatrix'>,
        <class 'numpywren.matrix.BigMatrix'>,
        <class 'numpywren.matrix.BigMatrix'>,
        <class 'int'>])

2020-04-10 18:14:25,594 - root - DEBUG - typed IR AST:
FuncDef(name='TSQR',
    args=['A', 'Vs', 'Ts', 'Rs', 'N'],
    body=[
        For(var='j',
            min=IntConst(val=0, type=<class 'numpywren.frontend.ConstIntType'>),
            max=Ref(name='N', type=<class 'numpywren.frontend.ConstIntType'>),
            step=IntConst(val=1, type=<class 'numpywren.frontend.ConstIntType'>),
            body=[
                RemoteCallAbstract(compute=<function qr_factor at 0x7f59f1f23400>,
                    output=[
                        IndexExpr(matrix_name='Vs',
                            indices=[IntConst(val=0, type=<class 'numpywren.frontend.ConstIntType'>),
                                Ref(name='j', type=<class 'numpywren.frontend.LinearIntType'>)]),
                        IndexExpr(matrix_name='Ts',
                            indices=[IntConst(val=0, type=<class 'numpywren.frontend.ConstIntType'>),
                                Ref(name='j', type=<class 'numpywren.frontend.LinearIntType'>)]),
                        IndexExpr(matrix_name='Rs',
                            indices=[IntConst(val=0, type=<class 'numpywren.frontend.ConstIntType'>),
                                Ref(name='j', type=<class 'numpywren.frontend.LinearIntType'>)])],
                    args=[
                        IndexExpr(matrix_name='A',
                            indices=[Ref(name='j', type=<class 'numpywren.frontend.LinearIntType'>),
                                IntConst(val=0, type=<class 'numpywren.frontend.ConstIntType'>)])],
                    kwargs=None,
                    type=<class 'type'>)]),
        For(var='level',
            min=IntConst(val=0, type=<class 'numpywren.frontend.ConstIntType'>),
            max=Mfunc(op='ceiling',
                e=BinOp(op='Div',
                    left=Mfunc(op='log',
                        e=Ref(name='N', type=<class 'numpywren.frontend.ConstIntType'>),
                        type=<class 'numpywren.frontend.ConstFloatType'>),
                    right=Mfunc(op='log',
                        e=IntConst(val=2, type=<class 'numpywren.frontend.ConstIntType'>),
                        type=<class 'numpywren.frontend.ConstFloatType'>),
                    type=<class 'numpywren.frontend.ConstFloatType'>),
                type=<class 'numpywren.frontend.ConstIntType'>),
            step=IntConst(val=1, type=<class 'numpywren.frontend.ConstIntType'>),
            body=[
                For(var='j',
                    min=IntConst(val=0, type=<class 'numpywren.frontend.ConstIntType'>),
                    max=Ref(name='N', type=<class 'numpywren.frontend.ConstIntType'>),
                    step=BinOp(op='Pow',
                        left=IntConst(val=2, type=<class 'numpywren.frontend.ConstIntType'>),
                        right=BinOp(op='Add',
                            left=Ref(name='level', type=<class 'numpywren.frontend.LinearIntType'>),
                            right=IntConst(val=1, type=<class 'numpywren.frontend.ConstIntType'>),
                            type=<class 'numpywren.frontend.LinearIntType'>),
                        type=<class 'numpywren.frontend.IntType'>),
                    body=[
                        RemoteCallAbstract(compute=<function qr_factor at 0x7f59f1f23400>,
                            output=[
                                IndexExpr(matrix_name='Vs',
                                    indices=[
                                        BinOp(op='Add',
                                            left=Ref(name='level', type=<class 'numpywren.frontend.LinearIntType'>),
                                            right=IntConst(val=1, type=<class 'numpywren.frontend.ConstIntType'>),
                                            type=<class 'numpywren.frontend.LinearIntType'>),
                                        Ref(name='j', type=<class 'numpywren.frontend.LinearIntType'>)]),
                                IndexExpr(matrix_name='Ts',
                                    indices=[
                                        BinOp(op='Add',
                                            left=Ref(name='level', type=<class 'numpywren.frontend.LinearIntType'>),
                                            right=IntConst(val=1, type=<class 'numpywren.frontend.ConstIntType'>),
                                            type=<class 'numpywren.frontend.LinearIntType'>),
                                        Ref(name='j', type=<class 'numpywren.frontend.LinearIntType'>)]),
                                IndexExpr(matrix_name='Rs',
                                    indices=[
                                        BinOp(op='Add',
                                            left=Ref(name='level', type=<class 'numpywren.frontend.LinearIntType'>),
                                            right=IntConst(val=1, type=<class 'numpywren.frontend.ConstIntType'>),
                                            type=<class 'numpywren.frontend.LinearIntType'>),
                                        Ref(name='j', type=<class 'numpywren.frontend.LinearIntType'>)])],
                            args=[
                                IndexExpr(matrix_name='Rs',
                                    indices=[Ref(name='level', type=<class 'numpywren.frontend.LinearIntType'>),
                                        Ref(name='j', type=<class 'numpywren.frontend.LinearIntType'>)]),
                                IndexExpr(matrix_name='Rs',
                                    indices=[Ref(name='level', type=<class 'numpywren.frontend.LinearIntType'>),
                                        BinOp(op='Add',
                                            left=Ref(name='j', type=<class 'numpywren.frontend.LinearIntType'>),
                                            right=BinOp(op='Pow',
                                                left=IntConst(val=2, type=<class 'numpywren.frontend.ConstIntType'>),
                                                right=Ref(name='level',
                                                    type=<class 'numpywren.frontend.LinearIntType'>),
                                                type=<class 'numpywren.frontend.IntType'>),
                                            type=<class 'numpywren.frontend.IntType'>)])],
                            kwargs=None,
                            type=<class 'type'>)])])],
    arg_types=[<class 'numpywren.frontend.BigMatrixType'>,
        <class 'numpywren.frontend.BigMatrixType'>,
        <class 'numpywren.frontend.BigMatrixType'>,
        <class 'numpywren.frontend.BigMatrixType'>,
        <class 'numpywren.frontend.ConstIntType'>])

2020-04-10 18:14:27,517 - root - INFO - Starting with 32 cores
2020-04-10 18:14:32,557 - root - DEBUG - 5: Up Workers: 32, Busy Workers: 1
2020-04-10 18:14:32,558 - root - INFO - Waiting: 79, Currently Processing: 0
2020-04-10 18:14:32,558 - root - INFO - 5: Up Workers: 32, Busy Workers: 1
2020-04-10 18:14:37,644 - root - DEBUG - 10: Up Workers: 32, Busy Workers: 1
2020-04-10 18:14:37,644 - root - INFO - Waiting: 0, Currently Processing: 1
2020-04-10 18:14:37,644 - root - INFO - 10: Up Workers: 32, Busy Workers: 1
2020-04-10 18:14:42,691 - root - DEBUG - 15: Up Workers: 32, Busy Workers: 1
2020-04-10 18:14:42,691 - root - INFO - Waiting: 0, Currently Processing: 1
2020-04-10 18:14:42,691 - root - INFO - 15: Up Workers: 32, Busy Workers: 1
2020-04-10 18:14:47,741 - root - DEBUG - 20: Up Workers: 32, Busy Workers: 1
2020-04-10 18:14:47,742 - root - INFO - Waiting: 0, Currently Processing: 1
2020-04-10 18:14:47,742 - root - INFO - 20: Up Workers: 32, Busy Workers: 1
2020-04-10 18:14:52,798 - root - DEBUG - 25: Up Workers: 32, Busy Workers: 1
2020-04-10 18:14:52,798 - root - INFO - Waiting: 0, Currently Processing: 1
2020-04-10 18:14:52,798 - root - INFO - 25: Up Workers: 32, Busy Workers: 1
2020-04-10 18:14:57,852 - root - DEBUG - 30: Up Workers: 32, Busy Workers: 1
2020-04-10 18:14:57,852 - root - INFO - Waiting: 0, Currently Processing: 1
2020-04-10 18:14:57,852 - root - INFO - 30: Up Workers: 32, Busy Workers: 1
2020-04-10 18:15:02,895 - root - DEBUG - 35: Up Workers: 32, Busy Workers: 1
2020-04-10 18:15:02,895 - root - INFO - Waiting: 0, Currently Processing: 1
2020-04-10 18:15:02,895 - root - INFO - 35: Up Workers: 32, Busy Workers: 1
2020-04-10 18:15:07,938 - root - DEBUG - 40: Up Workers: 32, Busy Workers: 1
2020-04-10 18:15:07,938 - root - INFO - Waiting: 0, Currently Processing: 1
2020-04-10 18:15:07,938 - root - INFO - 40: Up Workers: 32, Busy Workers: 1
2020-04-10 18:15:12,986 - root - DEBUG - 45: Up Workers: 32, Busy Workers: 1
2020-04-10 18:15:12,986 - root - INFO - Waiting: 0, Currently Processing: 1
2020-04-10 18:15:12,986 - root - INFO - 45: Up Workers: 32, Busy Workers: 1
2020-04-10 18:15:18,033 - root - DEBUG - 50: Up Workers: 32, Busy Workers: 1
2020-04-10 18:15:18,033 - root - INFO - Waiting: 0, Currently Processing: 1
2020-04-10 18:15:18,033 - root - INFO - 50: Up Workers: 32, Busy Workers: 1
2020-04-10 18:15:23,097 - root - DEBUG - 55: Up Workers: 32, Busy Workers: 1
2020-04-10 18:15:23,097 - root - INFO - Waiting: 0, Currently Processing: 1
2020-04-10 18:15:23,097 - root - INFO - 55: Up Workers: 32, Busy Workers: 1
2020-04-10 18:15:28,142 - root - DEBUG - 60: Up Workers: 32, Busy Workers: 1
2020-04-10 18:15:28,142 - root - INFO - Waiting: 0, Currently Processing: 1
2020-04-10 18:15:28,143 - root - INFO - 60: Up Workers: 32, Busy Workers: 1
2020-04-10 18:15:33,186 - root - DEBUG - 65: Up Workers: 32, Busy Workers: 1
2020-04-10 18:15:33,186 - root - INFO - Waiting: 0, Currently Processing: 1
2020-04-10 18:15:33,186 - root - INFO - 65: Up Workers: 32, Busy Workers: 1
2020-04-10 18:15:38,231 - root - DEBUG - 70: Up Workers: 32, Busy Workers: 1
2020-04-10 18:15:38,231 - root - INFO - Waiting: 0, Currently Processing: 1
2020-04-10 18:15:38,231 - root - INFO - 70: Up Workers: 32, Busy Workers: 1
2020-04-10 18:42:17,714 - root - INFO - Logging to 74187d31694825c214d7674a2b32cdc8.log
2020-04-10 18:42:18,675 - root - DEBUG - Python AST:
FunctionDef(name='TSQR',
    args=arguments(
        args=[arg(arg='A', annotation=Name(id='BigMatrix')),
            arg(arg='Vs', annotation=Name(id='BigMatrix')),
            arg(arg='Ts', annotation=Name(id='BigMatrix')),
            arg(arg='Rs', annotation=Name(id='BigMatrix')),
            arg(arg='N', annotation=Name(id='int'))],
        vararg=None,
        kwonlyargs=[],
        kw_defaults=[],
        kwarg=None,
        defaults=[]),
    body=[
        For(target=Name(id='j'),
            iter=Call(func=Name(id='range'), args=[Num(n=0), Name(id='N')], keywords=[]),
            body=[
                Assign(
                    targets=[
                        Tuple(
                            elts=[
                                Subscript(value=Name(id='Vs'), slice=Index(value=Tuple(elts=[Num(n=0), Name(id='j')]))),
                                Subscript(value=Name(id='Ts'), slice=Index(value=Tuple(elts=[Num(n=0), Name(id='j')]))),
                                Subscript(value=Name(id='Rs'), slice=Index(value=Tuple(elts=[Num(n=0), Name(id='j')])))])],
                    value=Call(func=Name(id='qr_factor'),
                        args=[Subscript(value=Name(id='A'), slice=Index(value=Tuple(elts=[Name(id='j'), Num(n=0)])))],
                        keywords=[]))],
            orelse=[]),
        For(target=Name(id='level'),
            iter=Call(func=Name(id='range'),
                args=[Num(n=0),
                    Call(func=Name(id='ceiling'),
                        args=[
                            BinOp(left=Call(func=Name(id='log'), args=[Name(id='N')], keywords=[]),
                                op=Div,
                                right=Call(func=Name(id='log'), args=[Num(n=2)], keywords=[]))],
                        keywords=[])],
                keywords=[]),
            body=[
                For(target=Name(id='j'),
                    iter=Call(func=Name(id='range'),
                        args=[Num(n=0),
                            Name(id='N'),
                            BinOp(left=Num(n=2), op=Pow, right=BinOp(left=Name(id='level'), op=Add, right=Num(n=1)))],
                        keywords=[]),
                    body=[
                        Assign(
                            targets=[
                                Tuple(
                                    elts=[
                                        Subscript(value=Name(id='Vs'),
                                            slice=Index(
                                                value=Tuple(
                                                    elts=[BinOp(left=Name(id='level'), op=Add, right=Num(n=1)),
                                                        Name(id='j')]))),
                                        Subscript(value=Name(id='Ts'),
                                            slice=Index(
                                                value=Tuple(
                                                    elts=[BinOp(left=Name(id='level'), op=Add, right=Num(n=1)),
                                                        Name(id='j')]))),
                                        Subscript(value=Name(id='Rs'),
                                            slice=Index(
                                                value=Tuple(
                                                    elts=[BinOp(left=Name(id='level'), op=Add, right=Num(n=1)),
                                                        Name(id='j')])))])],
                            value=Call(func=Name(id='qr_factor'),
                                args=[
                                    Subscript(value=Name(id='Rs'),
                                        slice=Index(value=Tuple(elts=[Name(id='level'), Name(id='j')]))),
                                    Subscript(value=Name(id='Rs'),
                                        slice=Index(
                                            value=Tuple(
                                                elts=[Name(id='level'),
                                                    BinOp(left=Name(id='j'),
                                                        op=Add,
                                                        right=BinOp(left=Num(n=2), op=Pow, right=Name(id='level')))])))],
                                keywords=[]))],
                    orelse=[])],
            orelse=[])],
    decorator_list=[],
    returns=None)

2020-04-10 18:42:18,676 - root - DEBUG - IR AST:
FuncDef(name='TSQR',
    args=['A', 'Vs', 'Ts', 'Rs', 'N'],
    body=[
        For(var='j',
            min=IntConst(val=0, type=None),
            max=Ref(name='N', type=None),
            step=IntConst(val=1, type=None),
            body=[
                RemoteCallAbstract(compute=<function qr_factor at 0x7ff6efc5f400>,
                    output=[
                        IndexExpr(matrix_name='Vs', indices=[IntConst(val=0, type=None), Ref(name='j', type=None)]),
                        IndexExpr(matrix_name='Ts', indices=[IntConst(val=0, type=None), Ref(name='j', type=None)]),
                        IndexExpr(matrix_name='Rs', indices=[IntConst(val=0, type=None), Ref(name='j', type=None)])],
                    args=[IndexExpr(matrix_name='A', indices=[Ref(name='j', type=None), IntConst(val=0, type=None)])],
                    kwargs=None,
                    type=None)]),
        For(var='level',
            min=IntConst(val=0, type=None),
            max=Mfunc(op='ceiling',
                e=BinOp(op='Div',
                    left=Mfunc(op='log', e=Ref(name='N', type=None), type=None),
                    right=Mfunc(op='log', e=IntConst(val=2, type=None), type=None),
                    type=None),
                type=None),
            step=IntConst(val=1, type=None),
            body=[
                For(var='j',
                    min=IntConst(val=0, type=None),
                    max=Ref(name='N', type=None),
                    step=BinOp(op='Pow',
                        left=IntConst(val=2, type=None),
                        right=BinOp(op='Add',
                            left=Ref(name='level', type=None),
                            right=IntConst(val=1, type=None),
                            type=None),
                        type=None),
                    body=[
                        RemoteCallAbstract(compute=<function qr_factor at 0x7ff6efc5f400>,
                            output=[
                                IndexExpr(matrix_name='Vs',
                                    indices=[
                                        BinOp(op='Add',
                                            left=Ref(name='level', type=None),
                                            right=IntConst(val=1, type=None),
                                            type=None),
                                        Ref(name='j', type=None)]),
                                IndexExpr(matrix_name='Ts',
                                    indices=[
                                        BinOp(op='Add',
                                            left=Ref(name='level', type=None),
                                            right=IntConst(val=1, type=None),
                                            type=None),
                                        Ref(name='j', type=None)]),
                                IndexExpr(matrix_name='Rs',
                                    indices=[
                                        BinOp(op='Add',
                                            left=Ref(name='level', type=None),
                                            right=IntConst(val=1, type=None),
                                            type=None),
                                        Ref(name='j', type=None)])],
                            args=[
                                IndexExpr(matrix_name='Rs',
                                    indices=[Ref(name='level', type=None), Ref(name='j', type=None)]),
                                IndexExpr(matrix_name='Rs',
                                    indices=[Ref(name='level', type=None),
                                        BinOp(op='Add',
                                            left=Ref(name='j', type=None),
                                            right=BinOp(op='Pow',
                                                left=IntConst(val=2, type=None),
                                                right=Ref(name='level', type=None),
                                                type=None),
                                            type=None)])],
                            kwargs=None,
                            type=None)])])],
    arg_types=[<class 'numpywren.matrix.BigMatrix'>,
        <class 'numpywren.matrix.BigMatrix'>,
        <class 'numpywren.matrix.BigMatrix'>,
        <class 'numpywren.matrix.BigMatrix'>,
        <class 'int'>])

2020-04-10 18:42:18,677 - root - DEBUG - typed IR AST:
FuncDef(name='TSQR',
    args=['A', 'Vs', 'Ts', 'Rs', 'N'],
    body=[
        For(var='j',
            min=IntConst(val=0, type=<class 'numpywren.frontend.ConstIntType'>),
            max=Ref(name='N', type=<class 'numpywren.frontend.ConstIntType'>),
            step=IntConst(val=1, type=<class 'numpywren.frontend.ConstIntType'>),
            body=[
                RemoteCallAbstract(compute=<function qr_factor at 0x7ff6efc5f400>,
                    output=[
                        IndexExpr(matrix_name='Vs',
                            indices=[IntConst(val=0, type=<class 'numpywren.frontend.ConstIntType'>),
                                Ref(name='j', type=<class 'numpywren.frontend.LinearIntType'>)]),
                        IndexExpr(matrix_name='Ts',
                            indices=[IntConst(val=0, type=<class 'numpywren.frontend.ConstIntType'>),
                                Ref(name='j', type=<class 'numpywren.frontend.LinearIntType'>)]),
                        IndexExpr(matrix_name='Rs',
                            indices=[IntConst(val=0, type=<class 'numpywren.frontend.ConstIntType'>),
                                Ref(name='j', type=<class 'numpywren.frontend.LinearIntType'>)])],
                    args=[
                        IndexExpr(matrix_name='A',
                            indices=[Ref(name='j', type=<class 'numpywren.frontend.LinearIntType'>),
                                IntConst(val=0, type=<class 'numpywren.frontend.ConstIntType'>)])],
                    kwargs=None,
                    type=<class 'type'>)]),
        For(var='level',
            min=IntConst(val=0, type=<class 'numpywren.frontend.ConstIntType'>),
            max=Mfunc(op='ceiling',
                e=BinOp(op='Div',
                    left=Mfunc(op='log',
                        e=Ref(name='N', type=<class 'numpywren.frontend.ConstIntType'>),
                        type=<class 'numpywren.frontend.ConstFloatType'>),
                    right=Mfunc(op='log',
                        e=IntConst(val=2, type=<class 'numpywren.frontend.ConstIntType'>),
                        type=<class 'numpywren.frontend.ConstFloatType'>),
                    type=<class 'numpywren.frontend.ConstFloatType'>),
                type=<class 'numpywren.frontend.ConstIntType'>),
            step=IntConst(val=1, type=<class 'numpywren.frontend.ConstIntType'>),
            body=[
                For(var='j',
                    min=IntConst(val=0, type=<class 'numpywren.frontend.ConstIntType'>),
                    max=Ref(name='N', type=<class 'numpywren.frontend.ConstIntType'>),
                    step=BinOp(op='Pow',
                        left=IntConst(val=2, type=<class 'numpywren.frontend.ConstIntType'>),
                        right=BinOp(op='Add',
                            left=Ref(name='level', type=<class 'numpywren.frontend.LinearIntType'>),
                            right=IntConst(val=1, type=<class 'numpywren.frontend.ConstIntType'>),
                            type=<class 'numpywren.frontend.LinearIntType'>),
                        type=<class 'numpywren.frontend.IntType'>),
                    body=[
                        RemoteCallAbstract(compute=<function qr_factor at 0x7ff6efc5f400>,
                            output=[
                                IndexExpr(matrix_name='Vs',
                                    indices=[
                                        BinOp(op='Add',
                                            left=Ref(name='level', type=<class 'numpywren.frontend.LinearIntType'>),
                                            right=IntConst(val=1, type=<class 'numpywren.frontend.ConstIntType'>),
                                            type=<class 'numpywren.frontend.LinearIntType'>),
                                        Ref(name='j', type=<class 'numpywren.frontend.LinearIntType'>)]),
                                IndexExpr(matrix_name='Ts',
                                    indices=[
                                        BinOp(op='Add',
                                            left=Ref(name='level', type=<class 'numpywren.frontend.LinearIntType'>),
                                            right=IntConst(val=1, type=<class 'numpywren.frontend.ConstIntType'>),
                                            type=<class 'numpywren.frontend.LinearIntType'>),
                                        Ref(name='j', type=<class 'numpywren.frontend.LinearIntType'>)]),
                                IndexExpr(matrix_name='Rs',
                                    indices=[
                                        BinOp(op='Add',
                                            left=Ref(name='level', type=<class 'numpywren.frontend.LinearIntType'>),
                                            right=IntConst(val=1, type=<class 'numpywren.frontend.ConstIntType'>),
                                            type=<class 'numpywren.frontend.LinearIntType'>),
                                        Ref(name='j', type=<class 'numpywren.frontend.LinearIntType'>)])],
                            args=[
                                IndexExpr(matrix_name='Rs',
                                    indices=[Ref(name='level', type=<class 'numpywren.frontend.LinearIntType'>),
                                        Ref(name='j', type=<class 'numpywren.frontend.LinearIntType'>)]),
                                IndexExpr(matrix_name='Rs',
                                    indices=[Ref(name='level', type=<class 'numpywren.frontend.LinearIntType'>),
                                        BinOp(op='Add',
                                            left=Ref(name='j', type=<class 'numpywren.frontend.LinearIntType'>),
                                            right=BinOp(op='Pow',
                                                left=IntConst(val=2, type=<class 'numpywren.frontend.ConstIntType'>),
                                                right=Ref(name='level',
                                                    type=<class 'numpywren.frontend.LinearIntType'>),
                                                type=<class 'numpywren.frontend.IntType'>),
                                            type=<class 'numpywren.frontend.IntType'>)])],
                            kwargs=None,
                            type=<class 'type'>)])])],
    arg_types=[<class 'numpywren.frontend.BigMatrixType'>,
        <class 'numpywren.frontend.BigMatrixType'>,
        <class 'numpywren.frontend.BigMatrixType'>,
        <class 'numpywren.frontend.BigMatrixType'>,
        <class 'numpywren.frontend.ConstIntType'>])

2020-04-10 18:42:20,541 - root - INFO - Starting with 32 cores
2020-04-10 18:42:25,599 - root - DEBUG - 5: Up Workers: 32, Busy Workers: 1
2020-04-10 18:42:25,599 - root - INFO - Waiting: 0, Currently Processing: 1
2020-04-10 18:42:25,599 - root - INFO - 5: Up Workers: 32, Busy Workers: 1
2020-04-10 18:42:30,754 - root - DEBUG - 10: Up Workers: 32, Busy Workers: 1
2020-04-10 18:42:30,754 - root - INFO - Waiting: 0, Currently Processing: 1
2020-04-10 18:42:30,754 - root - INFO - 10: Up Workers: 32, Busy Workers: 1
2020-04-10 18:42:35,985 - root - DEBUG - 15: Up Workers: 32, Busy Workers: 1
2020-04-10 18:42:35,985 - root - INFO - Waiting: 0, Currently Processing: 1
2020-04-10 18:42:35,986 - root - INFO - 15: Up Workers: 32, Busy Workers: 1
2020-04-10 18:42:41,033 - root - DEBUG - 20: Up Workers: 32, Busy Workers: 1
2020-04-10 18:42:41,033 - root - INFO - Waiting: 0, Currently Processing: 1
2020-04-10 18:42:41,033 - root - INFO - 20: Up Workers: 32, Busy Workers: 1
2020-04-10 18:42:46,076 - root - DEBUG - 25: Up Workers: 32, Busy Workers: 1
2020-04-10 18:42:46,076 - root - INFO - Waiting: 0, Currently Processing: 1
2020-04-10 18:42:46,076 - root - INFO - 25: Up Workers: 32, Busy Workers: 1
2020-04-10 18:42:51,167 - root - DEBUG - 30: Up Workers: 32, Busy Workers: 1
2020-04-10 18:42:51,167 - root - INFO - Waiting: 0, Currently Processing: 1
2020-04-10 18:42:51,167 - root - INFO - 30: Up Workers: 32, Busy Workers: 1
2020-04-10 18:42:56,211 - root - DEBUG - 35: Up Workers: 32, Busy Workers: 1
2020-04-10 18:42:56,212 - root - INFO - Waiting: 0, Currently Processing: 1
2020-04-10 18:42:56,212 - root - INFO - 35: Up Workers: 32, Busy Workers: 1
2020-04-10 18:43:01,303 - root - DEBUG - 40: Up Workers: 32, Busy Workers: 1
2020-04-10 18:43:01,304 - root - INFO - Waiting: 0, Currently Processing: 1
2020-04-10 18:43:01,304 - root - INFO - 40: Up Workers: 32, Busy Workers: 1
2020-04-10 18:43:06,387 - root - DEBUG - 45: Up Workers: 32, Busy Workers: 1
2020-04-10 18:43:06,387 - root - INFO - Waiting: 0, Currently Processing: 1
2020-04-10 18:43:06,387 - root - INFO - 45: Up Workers: 32, Busy Workers: 1
2020-04-10 18:43:11,434 - root - DEBUG - 50: Up Workers: 32, Busy Workers: 1
2020-04-10 18:43:11,434 - root - INFO - Waiting: 0, Currently Processing: 1
2020-04-10 18:43:11,434 - root - INFO - 50: Up Workers: 32, Busy Workers: 1
2020-04-10 18:43:16,485 - root - DEBUG - 55: Up Workers: 32, Busy Workers: 1
2020-04-10 18:43:16,485 - root - INFO - Waiting: 0, Currently Processing: 1
2020-04-10 18:43:16,485 - root - INFO - 55: Up Workers: 32, Busy Workers: 1
2020-04-10 18:43:21,543 - root - DEBUG - 60: Up Workers: 32, Busy Workers: 1
2020-04-10 18:43:21,543 - root - INFO - Waiting: 0, Currently Processing: 1
2020-04-10 18:43:21,543 - root - INFO - 60: Up Workers: 32, Busy Workers: 1
2020-04-10 18:43:26,594 - root - DEBUG - 66: Up Workers: 32, Busy Workers: 1
2020-04-10 18:43:31,641 - root - DEBUG - 71: Up Workers: 32, Busy Workers: 1
2020-04-10 18:43:36,685 - root - DEBUG - 76: Up Workers: 32, Busy Workers: 1
2020-04-10 18:43:41,736 - root - DEBUG - 81: Up Workers: 32, Busy Workers: 1
2020-04-10 18:43:46,780 - root - DEBUG - 86: Up Workers: 32, Busy Workers: 1
2020-04-10 18:43:51,826 - root - DEBUG - 91: Up Workers: 32, Busy Workers: 1
2020-04-10 18:43:56,867 - root - DEBUG - 96: Up Workers: 32, Busy Workers: 1
2020-04-10 18:44:01,914 - root - DEBUG - 101: Up Workers: 32, Busy Workers: 1
2020-04-10 18:44:06,957 - root - DEBUG - 106: Up Workers: 32, Busy Workers: 1
2020-04-10 18:44:12,063 - root - DEBUG - 111: Up Workers: 32, Busy Workers: 1
2020-04-10 18:44:17,108 - root - DEBUG - 116: Up Workers: 32, Busy Workers: 1
2020-04-10 18:44:22,158 - root - DEBUG - 121: Up Workers: 32, Busy Workers: 1
2020-04-10 18:44:22,165 - root - INFO - launching 32 new tasks....
2020-04-10 18:44:27,342 - root - DEBUG - 126: Up Workers: 64, Busy Workers: 2
