2020-04-11 16:52:54,664 - root - INFO - Logging to ae2cc8470b293c1afad5539bcb3e10fa.log
2020-04-11 16:53:47,959 - root - DEBUG - Python AST:
FunctionDef(name='CHOLESKY',
    args=arguments(
        args=[arg(arg='O', annotation=Name(id='BigMatrix')),
            arg(arg='I', annotation=Name(id='BigMatrix')),
            arg(arg='S', annotation=Name(id='BigMatrix')),
            arg(arg='N', annotation=Name(id='int')),
            arg(arg='truncate', annotation=Name(id='int'))],
        vararg=None,
        kwonlyargs=[],
        kw_defaults=[],
        kwarg=None,
        defaults=[]),
    body=[
        Assign(
            targets=[Subscript(value=Name(id='O'), slice=Index(value=Tuple(elts=[Num(n=0), Num(n=0)])))],
            value=Call(func=Name(id='chol'),
                args=[Subscript(value=Name(id='I'), slice=Index(value=Tuple(elts=[Num(n=0), Num(n=0)])))],
                keywords=[])),
        For(target=Name(id='j'),
            iter=Call(func=Name(id='range'),
                args=[Num(n=1), BinOp(left=Name(id='N'), op=Sub, right=Name(id='truncate'))],
                keywords=[]),
            body=[
                Assign(
                    targets=[Subscript(value=Name(id='O'), slice=Index(value=Tuple(elts=[Name(id='j'), Num(n=0)])))],
                    value=Call(func=Name(id='trsm'),
                        args=[
                            Subscript(value=Name(id='O'), slice=Index(value=Tuple(elts=[Num(n=0), Num(n=0)]))),
                            Subscript(value=Name(id='I'), slice=Index(value=Tuple(elts=[Name(id='j'), Num(n=0)])))],
                        keywords=[])),
                For(target=Name(id='k'),
                    iter=Call(func=Name(id='range'),
                        args=[Num(n=1), BinOp(left=Name(id='j'), op=Add, right=Num(n=1))],
                        keywords=[]),
                    body=[
                        Assign(
                            targets=[
                                Subscript(value=Name(id='S'),
                                    slice=Index(value=Tuple(elts=[Num(n=1), Name(id='j'), Name(id='k')])))],
                            value=Call(func=Name(id='syrk'),
                                args=[
                                    Subscript(value=Name(id='I'),
                                        slice=Index(value=Tuple(elts=[Name(id='j'), Name(id='k')]))),
                                    Subscript(value=Name(id='O'),
                                        slice=Index(value=Tuple(elts=[Name(id='j'), Num(n=0)]))),
                                    Subscript(value=Name(id='O'),
                                        slice=Index(value=Tuple(elts=[Name(id='k'), Num(n=0)])))],
                                keywords=[]))],
                    orelse=[])],
            orelse=[]),
        For(target=Name(id='i'),
            iter=Call(func=Name(id='range'),
                args=[Num(n=1), BinOp(left=Name(id='N'), op=Sub, right=Name(id='truncate'))],
                keywords=[]),
            body=[
                Assign(
                    targets=[
                        Subscript(value=Name(id='O'), slice=Index(value=Tuple(elts=[Name(id='i'), Name(id='i')])))],
                    value=Call(func=Name(id='chol'),
                        args=[
                            Subscript(value=Name(id='S'),
                                slice=Index(value=Tuple(elts=[Name(id='i'), Name(id='i'), Name(id='i')])))],
                        keywords=[])),
                For(target=Name(id='j'),
                    iter=Call(func=Name(id='range'),
                        args=[BinOp(left=Name(id='i'), op=Add, right=Num(n=1)),
                            BinOp(left=Name(id='N'), op=Sub, right=Name(id='truncate'))],
                        keywords=[]),
                    body=[
                        Assign(
                            targets=[
                                Subscript(value=Name(id='O'),
                                    slice=Index(value=Tuple(elts=[Name(id='j'), Name(id='i')])))],
                            value=Call(func=Name(id='trsm'),
                                args=[
                                    Subscript(value=Name(id='O'),
                                        slice=Index(value=Tuple(elts=[Name(id='i'), Name(id='i')]))),
                                    Subscript(value=Name(id='S'),
                                        slice=Index(value=Tuple(elts=[Name(id='i'), Name(id='j'), Name(id='i')])))],
                                keywords=[])),
                        For(target=Name(id='k'),
                            iter=Call(func=Name(id='range'),
                                args=[BinOp(left=Name(id='i'), op=Add, right=Num(n=1)),
                                    BinOp(left=Name(id='j'), op=Add, right=Num(n=1))],
                                keywords=[]),
                            body=[
                                Assign(
                                    targets=[
                                        Subscript(value=Name(id='S'),
                                            slice=Index(
                                                value=Tuple(
                                                    elts=[BinOp(left=Name(id='i'), op=Add, right=Num(n=1)),
                                                        Name(id='j'),
                                                        Name(id='k')])))],
                                    value=Call(func=Name(id='syrk'),
                                        args=[
                                            Subscript(value=Name(id='S'),
                                                slice=Index(value=Tuple(elts=[Name(id='i'), Name(id='j'), Name(id='k')]),
                                                    )),
                                            Subscript(value=Name(id='O'),
                                                slice=Index(value=Tuple(elts=[Name(id='j'), Name(id='i')]))),
                                            Subscript(value=Name(id='O'),
                                                slice=Index(value=Tuple(elts=[Name(id='k'), Name(id='i')])))],
                                        keywords=[]))],
                            orelse=[])],
                    orelse=[])],
            orelse=[])],
    decorator_list=[],
    returns=None)

2020-04-11 16:53:47,960 - root - DEBUG - IR AST:
FuncDef(name='CHOLESKY',
    args=['O', 'I', 'S', 'N', 'truncate'],
    body=[
        RemoteCallAbstract(compute=<function chol at 0x7fe89e6f3a60>,
            output=IndexExpr(matrix_name='O', indices=[IntConst(val=0, type=None), IntConst(val=0, type=None)]),
            args=[IndexExpr(matrix_name='I', indices=[IntConst(val=0, type=None), IntConst(val=0, type=None)])],
            kwargs=None,
            type=None),
        For(var='j',
            min=IntConst(val=1, type=None),
            max=BinOp(op='Sub', left=Ref(name='N', type=None), right=Ref(name='truncate', type=None), type=None),
            step=IntConst(val=1, type=None),
            body=[
                RemoteCallAbstract(compute=<function trsm at 0x7fe89e6f3d08>,
                    output=IndexExpr(matrix_name='O', indices=[Ref(name='j', type=None), IntConst(val=0, type=None)]),
                    args=[
                        IndexExpr(matrix_name='O', indices=[IntConst(val=0, type=None), IntConst(val=0, type=None)]),
                        IndexExpr(matrix_name='I', indices=[Ref(name='j', type=None), IntConst(val=0, type=None)])],
                    kwargs=None,
                    type=None),
                For(var='k',
                    min=IntConst(val=1, type=None),
                    max=BinOp(op='Add', left=Ref(name='j', type=None), right=IntConst(val=1, type=None), type=None),
                    step=IntConst(val=1, type=None),
                    body=[
                        RemoteCallAbstract(compute=<function syrk at 0x7fe89e6f3950>,
                            output=IndexExpr(matrix_name='S',
                                indices=[IntConst(val=1, type=None),
                                    Ref(name='j', type=None),
                                    Ref(name='k', type=None)]),
                            args=[
                                IndexExpr(matrix_name='I',
                                    indices=[Ref(name='j', type=None), Ref(name='k', type=None)]),
                                IndexExpr(matrix_name='O',
                                    indices=[Ref(name='j', type=None), IntConst(val=0, type=None)]),
                                IndexExpr(matrix_name='O',
                                    indices=[Ref(name='k', type=None), IntConst(val=0, type=None)])],
                            kwargs=None,
                            type=None)])]),
        For(var='i',
            min=IntConst(val=1, type=None),
            max=BinOp(op='Sub', left=Ref(name='N', type=None), right=Ref(name='truncate', type=None), type=None),
            step=IntConst(val=1, type=None),
            body=[
                RemoteCallAbstract(compute=<function chol at 0x7fe89e6f3a60>,
                    output=IndexExpr(matrix_name='O', indices=[Ref(name='i', type=None), Ref(name='i', type=None)]),
                    args=[
                        IndexExpr(matrix_name='S',
                            indices=[Ref(name='i', type=None), Ref(name='i', type=None), Ref(name='i', type=None)])],
                    kwargs=None,
                    type=None),
                For(var='j',
                    min=BinOp(op='Add', left=Ref(name='i', type=None), right=IntConst(val=1, type=None), type=None),
                    max=BinOp(op='Sub',
                        left=Ref(name='N', type=None),
                        right=Ref(name='truncate', type=None),
                        type=None),
                    step=IntConst(val=1, type=None),
                    body=[
                        RemoteCallAbstract(compute=<function trsm at 0x7fe89e6f3d08>,
                            output=IndexExpr(matrix_name='O',
                                indices=[Ref(name='j', type=None), Ref(name='i', type=None)]),
                            args=[
                                IndexExpr(matrix_name='O',
                                    indices=[Ref(name='i', type=None), Ref(name='i', type=None)]),
                                IndexExpr(matrix_name='S',
                                    indices=[Ref(name='i', type=None),
                                        Ref(name='j', type=None),
                                        Ref(name='i', type=None)])],
                            kwargs=None,
                            type=None),
                        For(var='k',
                            min=BinOp(op='Add',
                                left=Ref(name='i', type=None),
                                right=IntConst(val=1, type=None),
                                type=None),
                            max=BinOp(op='Add',
                                left=Ref(name='j', type=None),
                                right=IntConst(val=1, type=None),
                                type=None),
                            step=IntConst(val=1, type=None),
                            body=[
                                RemoteCallAbstract(compute=<function syrk at 0x7fe89e6f3950>,
                                    output=IndexExpr(matrix_name='S',
                                        indices=[
                                            BinOp(op='Add',
                                                left=Ref(name='i', type=None),
                                                right=IntConst(val=1, type=None),
                                                type=None),
                                            Ref(name='j', type=None),
                                            Ref(name='k', type=None)]),
                                    args=[
                                        IndexExpr(matrix_name='S',
                                            indices=[Ref(name='i', type=None),
                                                Ref(name='j', type=None),
                                                Ref(name='k', type=None)]),
                                        IndexExpr(matrix_name='O',
                                            indices=[Ref(name='j', type=None), Ref(name='i', type=None)]),
                                        IndexExpr(matrix_name='O',
                                            indices=[Ref(name='k', type=None), Ref(name='i', type=None)])],
                                    kwargs=None,
                                    type=None)])])])],
    arg_types=[<class 'numpywren.matrix.BigMatrix'>,
        <class 'numpywren.matrix.BigMatrix'>,
        <class 'numpywren.matrix.BigMatrix'>,
        <class 'int'>,
        <class 'int'>])

2020-04-11 16:53:47,962 - root - DEBUG - typed IR AST:
FuncDef(name='CHOLESKY',
    args=['O', 'I', 'S', 'N', 'truncate'],
    body=[
        RemoteCallAbstract(compute=<function chol at 0x7fe89e6f3a60>,
            output=[
                IndexExpr(matrix_name='O',
                    indices=[IntConst(val=0, type=<class 'numpywren.frontend.ConstIntType'>),
                        IntConst(val=0, type=<class 'numpywren.frontend.ConstIntType'>)])],
            args=[
                IndexExpr(matrix_name='I',
                    indices=[IntConst(val=0, type=<class 'numpywren.frontend.ConstIntType'>),
                        IntConst(val=0, type=<class 'numpywren.frontend.ConstIntType'>)])],
            kwargs=None,
            type=<class 'type'>),
        For(var='j',
            min=IntConst(val=1, type=<class 'numpywren.frontend.ConstIntType'>),
            max=BinOp(op='Sub',
                left=Ref(name='N', type=<class 'numpywren.frontend.ConstIntType'>),
                right=Ref(name='truncate', type=<class 'numpywren.frontend.ConstIntType'>),
                type=<class 'numpywren.frontend.ConstIntType'>),
            step=IntConst(val=1, type=<class 'numpywren.frontend.ConstIntType'>),
            body=[
                RemoteCallAbstract(compute=<function trsm at 0x7fe89e6f3d08>,
                    output=[
                        IndexExpr(matrix_name='O',
                            indices=[Ref(name='j', type=<class 'numpywren.frontend.LinearIntType'>),
                                IntConst(val=0, type=<class 'numpywren.frontend.ConstIntType'>)])],
                    args=[
                        IndexExpr(matrix_name='O',
                            indices=[IntConst(val=0, type=<class 'numpywren.frontend.ConstIntType'>),
                                IntConst(val=0, type=<class 'numpywren.frontend.ConstIntType'>)]),
                        IndexExpr(matrix_name='I',
                            indices=[Ref(name='j', type=<class 'numpywren.frontend.LinearIntType'>),
                                IntConst(val=0, type=<class 'numpywren.frontend.ConstIntType'>)])],
                    kwargs=None,
                    type=<class 'type'>),
                For(var='k',
                    min=IntConst(val=1, type=<class 'numpywren.frontend.ConstIntType'>),
                    max=BinOp(op='Add',
                        left=Ref(name='j', type=<class 'numpywren.frontend.LinearIntType'>),
                        right=IntConst(val=1, type=<class 'numpywren.frontend.ConstIntType'>),
                        type=<class 'numpywren.frontend.LinearIntType'>),
                    step=IntConst(val=1, type=<class 'numpywren.frontend.ConstIntType'>),
                    body=[
                        RemoteCallAbstract(compute=<function syrk at 0x7fe89e6f3950>,
                            output=[
                                IndexExpr(matrix_name='S',
                                    indices=[IntConst(val=1, type=<class 'numpywren.frontend.ConstIntType'>),
                                        Ref(name='j', type=<class 'numpywren.frontend.LinearIntType'>),
                                        Ref(name='k', type=<class 'numpywren.frontend.LinearIntType'>)])],
                            args=[
                                IndexExpr(matrix_name='I',
                                    indices=[Ref(name='j', type=<class 'numpywren.frontend.LinearIntType'>),
                                        Ref(name='k', type=<class 'numpywren.frontend.LinearIntType'>)]),
                                IndexExpr(matrix_name='O',
                                    indices=[Ref(name='j', type=<class 'numpywren.frontend.LinearIntType'>),
                                        IntConst(val=0, type=<class 'numpywren.frontend.ConstIntType'>)]),
                                IndexExpr(matrix_name='O',
                                    indices=[Ref(name='k', type=<class 'numpywren.frontend.LinearIntType'>),
                                        IntConst(val=0, type=<class 'numpywren.frontend.ConstIntType'>)])],
                            kwargs=None,
                            type=<class 'type'>)])]),
        For(var='i',
            min=IntConst(val=1, type=<class 'numpywren.frontend.ConstIntType'>),
            max=BinOp(op='Sub',
                left=Ref(name='N', type=<class 'numpywren.frontend.ConstIntType'>),
                right=Ref(name='truncate', type=<class 'numpywren.frontend.ConstIntType'>),
                type=<class 'numpywren.frontend.ConstIntType'>),
            step=IntConst(val=1, type=<class 'numpywren.frontend.ConstIntType'>),
            body=[
                RemoteCallAbstract(compute=<function chol at 0x7fe89e6f3a60>,
                    output=[
                        IndexExpr(matrix_name='O',
                            indices=[Ref(name='i', type=<class 'numpywren.frontend.LinearIntType'>),
                                Ref(name='i', type=<class 'numpywren.frontend.LinearIntType'>)])],
                    args=[
                        IndexExpr(matrix_name='S',
                            indices=[Ref(name='i', type=<class 'numpywren.frontend.LinearIntType'>),
                                Ref(name='i', type=<class 'numpywren.frontend.LinearIntType'>),
                                Ref(name='i', type=<class 'numpywren.frontend.LinearIntType'>)])],
                    kwargs=None,
                    type=<class 'type'>),
                For(var='j',
                    min=BinOp(op='Add',
                        left=Ref(name='i', type=<class 'numpywren.frontend.LinearIntType'>),
                        right=IntConst(val=1, type=<class 'numpywren.frontend.ConstIntType'>),
                        type=<class 'numpywren.frontend.LinearIntType'>),
                    max=BinOp(op='Sub',
                        left=Ref(name='N', type=<class 'numpywren.frontend.ConstIntType'>),
                        right=Ref(name='truncate', type=<class 'numpywren.frontend.ConstIntType'>),
                        type=<class 'numpywren.frontend.ConstIntType'>),
                    step=IntConst(val=1, type=<class 'numpywren.frontend.ConstIntType'>),
                    body=[
                        RemoteCallAbstract(compute=<function trsm at 0x7fe89e6f3d08>,
                            output=[
                                IndexExpr(matrix_name='O',
                                    indices=[Ref(name='j', type=<class 'numpywren.frontend.LinearIntType'>),
                                        Ref(name='i', type=<class 'numpywren.frontend.LinearIntType'>)])],
                            args=[
                                IndexExpr(matrix_name='O',
                                    indices=[Ref(name='i', type=<class 'numpywren.frontend.LinearIntType'>),
                                        Ref(name='i', type=<class 'numpywren.frontend.LinearIntType'>)]),
                                IndexExpr(matrix_name='S',
                                    indices=[Ref(name='i', type=<class 'numpywren.frontend.LinearIntType'>),
                                        Ref(name='j', type=<class 'numpywren.frontend.LinearIntType'>),
                                        Ref(name='i', type=<class 'numpywren.frontend.LinearIntType'>)])],
                            kwargs=None,
                            type=<class 'type'>),
                        For(var='k',
                            min=BinOp(op='Add',
                                left=Ref(name='i', type=<class 'numpywren.frontend.LinearIntType'>),
                                right=IntConst(val=1, type=<class 'numpywren.frontend.ConstIntType'>),
                                type=<class 'numpywren.frontend.LinearIntType'>),
                            max=BinOp(op='Add',
                                left=Ref(name='j', type=<class 'numpywren.frontend.LinearIntType'>),
                                right=IntConst(val=1, type=<class 'numpywren.frontend.ConstIntType'>),
                                type=<class 'numpywren.frontend.LinearIntType'>),
                            step=IntConst(val=1, type=<class 'numpywren.frontend.ConstIntType'>),
                            body=[
                                RemoteCallAbstract(compute=<function syrk at 0x7fe89e6f3950>,
                                    output=[
                                        IndexExpr(matrix_name='S',
                                            indices=[
                                                BinOp(op='Add',
                                                    left=Ref(name='i', type=<class 'numpywren.frontend.LinearIntType'>),
                                                    right=IntConst(val=1,
                                                        type=<class 'numpywren.frontend.ConstIntType'>),
                                                    type=<class 'numpywren.frontend.LinearIntType'>),
                                                Ref(name='j', type=<class 'numpywren.frontend.LinearIntType'>),
                                                Ref(name='k', type=<class 'numpywren.frontend.LinearIntType'>)])],
                                    args=[
                                        IndexExpr(matrix_name='S',
                                            indices=[Ref(name='i', type=<class 'numpywren.frontend.LinearIntType'>),
                                                Ref(name='j', type=<class 'numpywren.frontend.LinearIntType'>),
                                                Ref(name='k', type=<class 'numpywren.frontend.LinearIntType'>)]),
                                        IndexExpr(matrix_name='O',
                                            indices=[Ref(name='j', type=<class 'numpywren.frontend.LinearIntType'>),
                                                Ref(name='i', type=<class 'numpywren.frontend.LinearIntType'>)]),
                                        IndexExpr(matrix_name='O',
                                            indices=[Ref(name='k', type=<class 'numpywren.frontend.LinearIntType'>),
                                                Ref(name='i', type=<class 'numpywren.frontend.LinearIntType'>)])],
                                    kwargs=None,
                                    type=<class 'type'>)])])])],
    arg_types=[<class 'numpywren.frontend.BigMatrixType'>,
        <class 'numpywren.frontend.BigMatrixType'>,
        <class 'numpywren.frontend.BigMatrixType'>,
        <class 'numpywren.frontend.ConstIntType'>,
        <class 'numpywren.frontend.ConstIntType'>])

2020-04-11 16:53:48,832 - root - INFO - Starting with 32 cores
2020-04-11 16:53:59,497 - root - DEBUG - 10: Up Workers: 32, Busy Workers: 9
2020-04-11 16:53:59,497 - root - INFO - Waiting: 0, Currently Processing: 9
2020-04-11 16:53:59,497 - root - INFO - 10: Up Workers: 32, Busy Workers: 9
2020-04-11 16:54:04,618 - root - DEBUG - 15: Up Workers: 32, Busy Workers: 9
2020-04-11 16:54:04,618 - root - INFO - Waiting: 0, Currently Processing: 9
2020-04-11 16:54:04,618 - root - INFO - 15: Up Workers: 32, Busy Workers: 9
2020-04-11 16:54:09,676 - root - DEBUG - 20: Up Workers: 32, Busy Workers: 9
2020-04-11 16:54:09,677 - root - INFO - Waiting: 0, Currently Processing: 9
2020-04-11 16:54:09,677 - root - INFO - 20: Up Workers: 32, Busy Workers: 9
2020-04-11 16:54:14,740 - root - DEBUG - 25: Up Workers: 32, Busy Workers: 12
2020-04-11 16:54:14,740 - root - INFO - Waiting: 0, Currently Processing: 12
2020-04-11 16:54:14,740 - root - INFO - 25: Up Workers: 32, Busy Workers: 12
2020-04-11 16:54:19,845 - root - DEBUG - 30: Up Workers: 32, Busy Workers: 32
2020-04-11 16:54:19,845 - root - INFO - Waiting: 5, Currently Processing: 32
2020-04-11 16:54:19,845 - root - INFO - 30: Up Workers: 32, Busy Workers: 32
2020-04-11 16:54:24,958 - root - DEBUG - 35: Up Workers: 32, Busy Workers: 32
2020-04-11 16:54:24,958 - root - INFO - Waiting: 13, Currently Processing: 32
2020-04-11 16:54:24,958 - root - INFO - 35: Up Workers: 32, Busy Workers: 32
2020-04-11 16:54:30,081 - root - DEBUG - 40: Up Workers: 32, Busy Workers: 32
2020-04-11 16:54:30,081 - root - INFO - Waiting: 13, Currently Processing: 32
2020-04-11 16:54:30,081 - root - INFO - 40: Up Workers: 32, Busy Workers: 32
2020-04-11 16:54:35,209 - root - DEBUG - 45: Up Workers: 32, Busy Workers: 32
2020-04-11 16:54:35,209 - root - INFO - Waiting: 13, Currently Processing: 32
2020-04-11 16:54:35,209 - root - INFO - 45: Up Workers: 32, Busy Workers: 32
2020-04-11 16:54:40,321 - root - DEBUG - 50: Up Workers: 32, Busy Workers: 32
2020-04-11 16:54:40,322 - root - INFO - Waiting: 13, Currently Processing: 32
2020-04-11 16:54:40,322 - root - INFO - 50: Up Workers: 32, Busy Workers: 32
2020-04-11 16:54:45,446 - root - DEBUG - 56: Up Workers: 32, Busy Workers: 32
2020-04-11 16:54:50,563 - root - DEBUG - 61: Up Workers: 32, Busy Workers: 32
2020-04-11 16:54:55,699 - root - DEBUG - 66: Up Workers: 32, Busy Workers: 32
2020-04-11 16:55:00,790 - root - DEBUG - 71: Up Workers: 32, Busy Workers: 32
2020-04-11 16:55:05,879 - root - DEBUG - 76: Up Workers: 32, Busy Workers: 32
2020-04-11 16:55:11,021 - root - DEBUG - 81: Up Workers: 32, Busy Workers: 32
2020-04-11 16:55:16,173 - root - DEBUG - 86: Up Workers: 32, Busy Workers: 32
2020-04-11 16:55:21,294 - root - DEBUG - 91: Up Workers: 32, Busy Workers: 32
2020-04-11 16:55:26,406 - root - DEBUG - 96: Up Workers: 32, Busy Workers: 32
2020-04-11 16:55:31,538 - root - DEBUG - 102: Up Workers: 32, Busy Workers: 32
2020-04-11 16:55:36,648 - root - DEBUG - 107: Up Workers: 32, Busy Workers: 32
2020-04-11 16:55:41,761 - root - DEBUG - 112: Up Workers: 32, Busy Workers: 32
2020-04-11 16:55:46,844 - root - DEBUG - 117: Up Workers: 32, Busy Workers: 32
