2020-04-09 18:53:35,813 - root - INFO - [2020-04-09 18:53:35.813459] Logging to c60e744bf741b956222175411e1e0c02.log.
2020-04-09 18:53:42,225 - root - DEBUG - Python AST:
FunctionDef(name='GEMM',
    args=arguments(
        args=[arg(arg='A', annotation=Name(id='BigMatrix')),
            arg(arg='B', annotation=Name(id='BigMatrix')),
            arg(arg='M', annotation=Name(id='int')),
            arg(arg='N', annotation=Name(id='int')),
            arg(arg='K', annotation=Name(id='int')),
            arg(arg='Temp', annotation=Name(id='BigMatrix')),
            arg(arg='Out', annotation=Name(id='BigMatrix'))],
        vararg=None,
        kwonlyargs=[],
        kw_defaults=[],
        kwarg=None,
        defaults=[]),
    body=[
        Assign(targets=[Name(id='tree_depth')],
            value=Call(func=Name(id='ceiling'),
                args=[
                    BinOp(left=Call(func=Name(id='log'), args=[Name(id='K')], keywords=[]),
                        op=Div,
                        right=Call(func=Name(id='log'), args=[Num(n=4)], keywords=[]))],
                keywords=[])),
        For(target=Name(id='i'),
            iter=Call(func=Name(id='range'), args=[Num(n=0), Name(id='M')], keywords=[]),
            body=[
                For(target=Name(id='j'),
                    iter=Call(func=Name(id='range'), args=[Num(n=0), Name(id='N')], keywords=[]),
                    body=[
                        For(target=Name(id='k'),
                            iter=Call(func=Name(id='range'), args=[Num(n=0), Name(id='K')], keywords=[]),
                            body=[
                                Assign(
                                    targets=[
                                        Subscript(value=Name(id='Temp'),
                                            slice=Index(
                                                value=Tuple(elts=[Name(id='i'), Name(id='j'), Name(id='k'), Num(n=0)])))],
                                    value=Call(func=Name(id='gemm'),
                                        args=[
                                            Subscript(value=Name(id='A'),
                                                slice=Index(value=Tuple(elts=[Name(id='i'), Name(id='k')]))),
                                            Subscript(value=Name(id='B'),
                                                slice=Index(value=Tuple(elts=[Name(id='k'), Name(id='j')])))],
                                        keywords=[]))],
                            orelse=[])],
                    orelse=[])],
            orelse=[]),
        For(target=Name(id='i'),
            iter=Call(func=Name(id='range'), args=[Num(n=0), Name(id='M')], keywords=[]),
            body=[
                For(target=Name(id='j'),
                    iter=Call(func=Name(id='range'), args=[Num(n=0), Name(id='N')], keywords=[]),
                    body=[
                        For(target=Name(id='level'),
                            iter=Call(func=Name(id='range'), args=[Num(n=0), Name(id='tree_depth')], keywords=[]),
                            body=[
                                For(target=Name(id='k'),
                                    iter=Call(func=Name(id='range'),
                                        args=[Num(n=0),
                                            Name(id='K'),
                                            BinOp(left=Num(n=4),
                                                op=Pow,
                                                right=BinOp(left=Name(id='level'), op=Add, right=Num(n=1)))],
                                        keywords=[]),
                                    body=[
                                        Assign(
                                            targets=[
                                                Subscript(value=Name(id='Temp'),
                                                    slice=Index(
                                                        value=Tuple(
                                                            elts=[Name(id='i'),
                                                                Name(id='j'),
                                                                Name(id='k'),
                                                                BinOp(left=Name(id='level'), op=Add, right=Num(n=1))])))],
                                            value=Call(func=Name(id='add_matrices'),
                                                args=[
                                                    Subscript(value=Name(id='Temp'),
                                                        slice=Index(
                                                            value=Tuple(
                                                                elts=[Name(id='i'),
                                                                    Name(id='j'),
                                                                    Name(id='k'),
                                                                    Name(id='level')]))),
                                                    Subscript(value=Name(id='Temp'),
                                                        slice=Index(
                                                            value=Tuple(
                                                                elts=[Name(id='i'),
                                                                    Name(id='j'),
                                                                    BinOp(left=Name(id='k'),
                                                                        op=Add,
                                                                        right=BinOp(left=Num(n=4),
                                                                            op=Pow,
                                                                            right=Name(id='level'))),
                                                                    Name(id='level')]))),
                                                    Subscript(value=Name(id='Temp'),
                                                        slice=Index(
                                                            value=Tuple(
                                                                elts=[Name(id='i'),
                                                                    Name(id='j'),
                                                                    BinOp(left=Name(id='k'),
                                                                        op=Add,
                                                                        right=BinOp(left=Num(n=2),
                                                                            op=Mult,
                                                                            right=BinOp(left=Num(n=4),
                                                                                op=Pow,
                                                                                right=Name(id='level')))),
                                                                    Name(id='level')]))),
                                                    Subscript(value=Name(id='Temp'),
                                                        slice=Index(
                                                            value=Tuple(
                                                                elts=[Name(id='i'),
                                                                    Name(id='j'),
                                                                    BinOp(left=Name(id='k'),
                                                                        op=Add,
                                                                        right=BinOp(left=Num(n=3),
                                                                            op=Mult,
                                                                            right=BinOp(left=Num(n=4),
                                                                                op=Pow,
                                                                                right=Name(id='level')))),
                                                                    Name(id='level')])))],
                                                keywords=[]))],
                                    orelse=[])],
                            orelse=[])],
                    orelse=[])],
            orelse=[]),
        For(target=Name(id='i'),
            iter=Call(func=Name(id='range'), args=[Num(n=0), Name(id='M')], keywords=[]),
            body=[
                For(target=Name(id='j'),
                    iter=Call(func=Name(id='range'), args=[Num(n=0), Name(id='N')], keywords=[]),
                    body=[
                        Assign(
                            targets=[
                                Subscript(value=Name(id='Out'),
                                    slice=Index(value=Tuple(elts=[Name(id='i'), Name(id='j')])))],
                            value=Call(func=Name(id='identity'),
                                args=[
                                    Subscript(value=Name(id='Temp'),
                                        slice=Index(
                                            value=Tuple(elts=[Name(id='i'), Name(id='j'), Num(n=0), Name(id='tree_depth')],
                                                )))],
                                keywords=[]))],
                    orelse=[])],
            orelse=[])],
    decorator_list=[],
    returns=None)

2020-04-09 18:53:42,226 - root - DEBUG - IR AST:
FuncDef(name='GEMM',
    args=['A', 'B', 'M', 'N', 'K', 'Temp', 'Out'],
    body=[
        Assign(lhs=Ref(name='tree_depth', type=None),
            rhs=Mfunc(op='ceiling',
                e=BinOp(op='Div',
                    left=Mfunc(op='log', e=Ref(name='K', type=None), type=None),
                    right=Mfunc(op='log', e=IntConst(val=4, type=None), type=None),
                    type=None),
                type=None)),
        For(var='i',
            min=IntConst(val=0, type=None),
            max=Ref(name='M', type=None),
            step=IntConst(val=1, type=None),
            body=[
                For(var='j',
                    min=IntConst(val=0, type=None),
                    max=Ref(name='N', type=None),
                    step=IntConst(val=1, type=None),
                    body=[
                        For(var='k',
                            min=IntConst(val=0, type=None),
                            max=Ref(name='K', type=None),
                            step=IntConst(val=1, type=None),
                            body=[
                                RemoteCallAbstract(compute=<function gemm at 0x7f69306ac7b8>,
                                    output=IndexExpr(matrix_name='Temp',
                                        indices=[Ref(name='i', type=None),
                                            Ref(name='j', type=None),
                                            Ref(name='k', type=None),
                                            IntConst(val=0, type=None)]),
                                    args=[
                                        IndexExpr(matrix_name='A',
                                            indices=[Ref(name='i', type=None), Ref(name='k', type=None)]),
                                        IndexExpr(matrix_name='B',
                                            indices=[Ref(name='k', type=None), Ref(name='j', type=None)])],
                                    kwargs=None,
                                    type=None)])])]),
        For(var='i',
            min=IntConst(val=0, type=None),
            max=Ref(name='M', type=None),
            step=IntConst(val=1, type=None),
            body=[
                For(var='j',
                    min=IntConst(val=0, type=None),
                    max=Ref(name='N', type=None),
                    step=IntConst(val=1, type=None),
                    body=[
                        For(var='level',
                            min=IntConst(val=0, type=None),
                            max=Ref(name='tree_depth', type=None),
                            step=IntConst(val=1, type=None),
                            body=[
                                For(var='k',
                                    min=IntConst(val=0, type=None),
                                    max=Ref(name='K', type=None),
                                    step=BinOp(op='Pow',
                                        left=IntConst(val=4, type=None),
                                        right=BinOp(op='Add',
                                            left=Ref(name='level', type=None),
                                            right=IntConst(val=1, type=None),
                                            type=None),
                                        type=None),
                                    body=[
                                        RemoteCallAbstract(compute=<function add_matrices at 0x7f69306ac0d0>,
                                            output=IndexExpr(matrix_name='Temp',
                                                indices=[Ref(name='i', type=None),
                                                    Ref(name='j', type=None),
                                                    Ref(name='k', type=None),
                                                    BinOp(op='Add',
                                                        left=Ref(name='level', type=None),
                                                        right=IntConst(val=1, type=None),
                                                        type=None)]),
                                            args=[
                                                IndexExpr(matrix_name='Temp',
                                                    indices=[Ref(name='i', type=None),
                                                        Ref(name='j', type=None),
                                                        Ref(name='k', type=None),
                                                        Ref(name='level', type=None)]),
                                                IndexExpr(matrix_name='Temp',
                                                    indices=[Ref(name='i', type=None),
                                                        Ref(name='j', type=None),
                                                        BinOp(op='Add',
                                                            left=Ref(name='k', type=None),
                                                            right=BinOp(op='Pow',
                                                                left=IntConst(val=4, type=None),
                                                                right=Ref(name='level', type=None),
                                                                type=None),
                                                            type=None),
                                                        Ref(name='level', type=None)]),
                                                IndexExpr(matrix_name='Temp',
                                                    indices=[Ref(name='i', type=None),
                                                        Ref(name='j', type=None),
                                                        BinOp(op='Add',
                                                            left=Ref(name='k', type=None),
                                                            right=BinOp(op='Mult',
                                                                left=IntConst(val=2, type=None),
                                                                right=BinOp(op='Pow',
                                                                    left=IntConst(val=4, type=None),
                                                                    right=Ref(name='level', type=None),
                                                                    type=None),
                                                                type=None),
                                                            type=None),
                                                        Ref(name='level', type=None)]),
                                                IndexExpr(matrix_name='Temp',
                                                    indices=[Ref(name='i', type=None),
                                                        Ref(name='j', type=None),
                                                        BinOp(op='Add',
                                                            left=Ref(name='k', type=None),
                                                            right=BinOp(op='Mult',
                                                                left=IntConst(val=3, type=None),
                                                                right=BinOp(op='Pow',
                                                                    left=IntConst(val=4, type=None),
                                                                    right=Ref(name='level', type=None),
                                                                    type=None),
                                                                type=None),
                                                            type=None),
                                                        Ref(name='level', type=None)])],
                                            kwargs=None,
                                            type=None)])])])]),
        For(var='i',
            min=IntConst(val=0, type=None),
            max=Ref(name='M', type=None),
            step=IntConst(val=1, type=None),
            body=[
                For(var='j',
                    min=IntConst(val=0, type=None),
                    max=Ref(name='N', type=None),
                    step=IntConst(val=1, type=None),
                    body=[
                        RemoteCallAbstract(compute=<function identity at 0x7f69306acd08>,
                            output=IndexExpr(matrix_name='Out',
                                indices=[Ref(name='i', type=None), Ref(name='j', type=None)]),
                            args=[
                                IndexExpr(matrix_name='Temp',
                                    indices=[Ref(name='i', type=None),
                                        Ref(name='j', type=None),
                                        IntConst(val=0, type=None),
                                        Ref(name='tree_depth', type=None)])],
                            kwargs=None,
                            type=None)])])],
    arg_types=[<class 'numpywren.matrix.BigMatrix'>,
        <class 'numpywren.matrix.BigMatrix'>,
        <class 'int'>,
        <class 'int'>,
        <class 'int'>,
        <class 'numpywren.matrix.BigMatrix'>,
        <class 'numpywren.matrix.BigMatrix'>])

2020-04-09 18:53:42,228 - root - DEBUG - typed IR AST:
FuncDef(name='GEMM',
    args=['A', 'B', 'M', 'N', 'K', 'Temp', 'Out'],
    body=[
        Assign(
            lhs=Ref(name='tree_depth', type=<class 'numpywren.frontend.ConstIntType'>),
            rhs=Mfunc(op='ceiling',
                e=BinOp(op='Div',
                    left=Mfunc(op='log',
                        e=Ref(name='K', type=<class 'numpywren.frontend.ConstIntType'>),
                        type=<class 'numpywren.frontend.ConstFloatType'>),
                    right=Mfunc(op='log',
                        e=IntConst(val=4, type=<class 'numpywren.frontend.ConstIntType'>),
                        type=<class 'numpywren.frontend.ConstFloatType'>),
                    type=<class 'numpywren.frontend.ConstFloatType'>),
                type=<class 'numpywren.frontend.ConstIntType'>)),
        For(var='i',
            min=IntConst(val=0, type=<class 'numpywren.frontend.ConstIntType'>),
            max=Ref(name='M', type=<class 'numpywren.frontend.ConstIntType'>),
            step=IntConst(val=1, type=<class 'numpywren.frontend.ConstIntType'>),
            body=[
                For(var='j',
                    min=IntConst(val=0, type=<class 'numpywren.frontend.ConstIntType'>),
                    max=Ref(name='N', type=<class 'numpywren.frontend.ConstIntType'>),
                    step=IntConst(val=1, type=<class 'numpywren.frontend.ConstIntType'>),
                    body=[
                        For(var='k',
                            min=IntConst(val=0, type=<class 'numpywren.frontend.ConstIntType'>),
                            max=Ref(name='K', type=<class 'numpywren.frontend.ConstIntType'>),
                            step=IntConst(val=1, type=<class 'numpywren.frontend.ConstIntType'>),
                            body=[
                                RemoteCallAbstract(compute=<function gemm at 0x7f69306ac7b8>,
                                    output=[
                                        IndexExpr(matrix_name='Temp',
                                            indices=[Ref(name='i', type=<class 'numpywren.frontend.LinearIntType'>),
                                                Ref(name='j', type=<class 'numpywren.frontend.LinearIntType'>),
                                                Ref(name='k', type=<class 'numpywren.frontend.LinearIntType'>),
                                                IntConst(val=0, type=<class 'numpywren.frontend.ConstIntType'>)])],
                                    args=[
                                        IndexExpr(matrix_name='A',
                                            indices=[Ref(name='i', type=<class 'numpywren.frontend.LinearIntType'>),
                                                Ref(name='k', type=<class 'numpywren.frontend.LinearIntType'>)]),
                                        IndexExpr(matrix_name='B',
                                            indices=[Ref(name='k', type=<class 'numpywren.frontend.LinearIntType'>),
                                                Ref(name='j', type=<class 'numpywren.frontend.LinearIntType'>)])],
                                    kwargs=None,
                                    type=<class 'type'>)])])]),
        For(var='i',
            min=IntConst(val=0, type=<class 'numpywren.frontend.ConstIntType'>),
            max=Ref(name='M', type=<class 'numpywren.frontend.ConstIntType'>),
            step=IntConst(val=1, type=<class 'numpywren.frontend.ConstIntType'>),
            body=[
                For(var='j',
                    min=IntConst(val=0, type=<class 'numpywren.frontend.ConstIntType'>),
                    max=Ref(name='N', type=<class 'numpywren.frontend.ConstIntType'>),
                    step=IntConst(val=1, type=<class 'numpywren.frontend.ConstIntType'>),
                    body=[
                        For(var='level',
                            min=IntConst(val=0, type=<class 'numpywren.frontend.ConstIntType'>),
                            max=Ref(name='tree_depth', type=<class 'numpywren.frontend.ConstIntType'>),
                            step=IntConst(val=1, type=<class 'numpywren.frontend.ConstIntType'>),
                            body=[
                                For(var='k',
                                    min=IntConst(val=0, type=<class 'numpywren.frontend.ConstIntType'>),
                                    max=Ref(name='K', type=<class 'numpywren.frontend.ConstIntType'>),
                                    step=BinOp(op='Pow',
                                        left=IntConst(val=4, type=<class 'numpywren.frontend.ConstIntType'>),
                                        right=BinOp(op='Add',
                                            left=Ref(name='level', type=<class 'numpywren.frontend.LinearIntType'>),
                                            right=IntConst(val=1, type=<class 'numpywren.frontend.ConstIntType'>),
                                            type=<class 'numpywren.frontend.LinearIntType'>),
                                        type=<class 'numpywren.frontend.IntType'>),
                                    body=[
                                        RemoteCallAbstract(compute=<function add_matrices at 0x7f69306ac0d0>,
                                            output=[
                                                IndexExpr(matrix_name='Temp',
                                                    indices=[Ref(name='i', type=<class 'numpywren.frontend.LinearIntType'>),
                                                        Ref(name='j', type=<class 'numpywren.frontend.LinearIntType'>),
                                                        Ref(name='k', type=<class 'numpywren.frontend.LinearIntType'>),
                                                        BinOp(op='Add',
                                                            left=Ref(name='level',
                                                                type=<class 'numpywren.frontend.LinearIntType'>),
                                                            right=IntConst(val=1,
                                                                type=<class 'numpywren.frontend.ConstIntType'>),
                                                            type=<class 'numpywren.frontend.LinearIntType'>)])],
                                            args=[
                                                IndexExpr(matrix_name='Temp',
                                                    indices=[Ref(name='i', type=<class 'numpywren.frontend.LinearIntType'>),
                                                        Ref(name='j', type=<class 'numpywren.frontend.LinearIntType'>),
                                                        Ref(name='k', type=<class 'numpywren.frontend.LinearIntType'>),
                                                        Ref(name='level',
                                                            type=<class 'numpywren.frontend.LinearIntType'>)]),
                                                IndexExpr(matrix_name='Temp',
                                                    indices=[Ref(name='i', type=<class 'numpywren.frontend.LinearIntType'>),
                                                        Ref(name='j', type=<class 'numpywren.frontend.LinearIntType'>),
                                                        BinOp(op='Add',
                                                            left=Ref(name='k',
                                                                type=<class 'numpywren.frontend.LinearIntType'>),
                                                            right=BinOp(op='Pow',
                                                                left=IntConst(val=4,
                                                                    type=<class 'numpywren.frontend.ConstIntType'>),
                                                                right=Ref(name='level',
                                                                    type=<class 'numpywren.frontend.LinearIntType'>),
                                                                type=<class 'numpywren.frontend.IntType'>),
                                                            type=<class 'numpywren.frontend.IntType'>),
                                                        Ref(name='level',
                                                            type=<class 'numpywren.frontend.LinearIntType'>)]),
                                                IndexExpr(matrix_name='Temp',
                                                    indices=[Ref(name='i', type=<class 'numpywren.frontend.LinearIntType'>),
                                                        Ref(name='j', type=<class 'numpywren.frontend.LinearIntType'>),
                                                        BinOp(op='Add',
                                                            left=Ref(name='k',
                                                                type=<class 'numpywren.frontend.LinearIntType'>),
                                                            right=BinOp(op='Mult',
                                                                left=IntConst(val=2,
                                                                    type=<class 'numpywren.frontend.ConstIntType'>),
                                                                right=BinOp(op='Pow',
                                                                    left=IntConst(val=4,
                                                                        type=<class 'numpywren.frontend.ConstIntType'>),
                                                                    right=Ref(name='level',
                                                                        type=<class 'numpywren.frontend.LinearIntType'>),
                                                                    type=<class 'numpywren.frontend.IntType'>),
                                                                type=<class 'numpywren.frontend.IntType'>),
                                                            type=<class 'numpywren.frontend.IntType'>),
                                                        Ref(name='level',
                                                            type=<class 'numpywren.frontend.LinearIntType'>)]),
                                                IndexExpr(matrix_name='Temp',
                                                    indices=[Ref(name='i', type=<class 'numpywren.frontend.LinearIntType'>),
                                                        Ref(name='j', type=<class 'numpywren.frontend.LinearIntType'>),
                                                        BinOp(op='Add',
                                                            left=Ref(name='k',
                                                                type=<class 'numpywren.frontend.LinearIntType'>),
                                                            right=BinOp(op='Mult',
                                                                left=IntConst(val=3,
                                                                    type=<class 'numpywren.frontend.ConstIntType'>),
                                                                right=BinOp(op='Pow',
                                                                    left=IntConst(val=4,
                                                                        type=<class 'numpywren.frontend.ConstIntType'>),
                                                                    right=Ref(name='level',
                                                                        type=<class 'numpywren.frontend.LinearIntType'>),
                                                                    type=<class 'numpywren.frontend.IntType'>),
                                                                type=<class 'numpywren.frontend.IntType'>),
                                                            type=<class 'numpywren.frontend.IntType'>),
                                                        Ref(name='level',
                                                            type=<class 'numpywren.frontend.LinearIntType'>)])],
                                            kwargs=None,
                                            type=<class 'type'>)])])])]),
        For(var='i',
            min=IntConst(val=0, type=<class 'numpywren.frontend.ConstIntType'>),
            max=Ref(name='M', type=<class 'numpywren.frontend.ConstIntType'>),
            step=IntConst(val=1, type=<class 'numpywren.frontend.ConstIntType'>),
            body=[
                For(var='j',
                    min=IntConst(val=0, type=<class 'numpywren.frontend.ConstIntType'>),
                    max=Ref(name='N', type=<class 'numpywren.frontend.ConstIntType'>),
                    step=IntConst(val=1, type=<class 'numpywren.frontend.ConstIntType'>),
                    body=[
                        RemoteCallAbstract(compute=<function identity at 0x7f69306acd08>,
                            output=[
                                IndexExpr(matrix_name='Out',
                                    indices=[Ref(name='i', type=<class 'numpywren.frontend.LinearIntType'>),
                                        Ref(name='j', type=<class 'numpywren.frontend.LinearIntType'>)])],
                            args=[
                                IndexExpr(matrix_name='Temp',
                                    indices=[Ref(name='i', type=<class 'numpywren.frontend.LinearIntType'>),
                                        Ref(name='j', type=<class 'numpywren.frontend.LinearIntType'>),
                                        IntConst(val=0, type=<class 'numpywren.frontend.ConstIntType'>),
                                        Ref(name='tree_depth', type=<class 'numpywren.frontend.ConstIntType'>)])],
                            kwargs=None,
                            type=<class 'type'>)])])],
    arg_types=[<class 'numpywren.frontend.BigMatrixType'>,
        <class 'numpywren.frontend.BigMatrixType'>,
        <class 'numpywren.frontend.ConstIntType'>,
        <class 'numpywren.frontend.ConstIntType'>,
        <class 'numpywren.frontend.ConstIntType'>,
        <class 'numpywren.frontend.BigMatrixType'>,
        <class 'numpywren.frontend.BigMatrixType'>])

2020-04-09 18:53:49,386 - root - INFO - [2020-04-09 18:53:49.386922] Starting with 32 cores
2020-04-09 18:53:59,877 - root - DEBUG - 10: Up Workers: 32, Busy Workers: 32
2020-04-09 18:53:59,877 - root - INFO - Waiting: 63, Currently Processing: 32
2020-04-09 18:53:59,877 - root - INFO - 10: Up Workers: 32, Busy Workers: 32
2020-04-09 18:54:04,934 - root - DEBUG - 15: Up Workers: 32, Busy Workers: 32
2020-04-09 18:54:04,934 - root - INFO - Waiting: 32, Currently Processing: 32
2020-04-09 18:54:04,934 - root - INFO - 15: Up Workers: 32, Busy Workers: 32
2020-04-09 18:54:10,008 - root - DEBUG - 20: Up Workers: 32, Busy Workers: 32
2020-04-09 18:54:10,008 - root - INFO - Waiting: 5, Currently Processing: 32
2020-04-09 18:54:10,008 - root - INFO - 20: Up Workers: 32, Busy Workers: 32
2020-04-09 18:54:15,101 - root - DEBUG - 25: Up Workers: 32, Busy Workers: 23
2020-04-09 18:54:15,101 - root - INFO - Waiting: 0, Currently Processing: 23
2020-04-09 18:54:15,101 - root - INFO - 25: Up Workers: 32, Busy Workers: 23
2020-04-09 18:54:20,168 - root - DEBUG - 30: Up Workers: 0, Busy Workers: 0
2020-04-09 18:54:20,168 - root - INFO - Waiting: 0, Currently Processing: 0
2020-04-09 18:54:20,168 - root - INFO - 30: Up Workers: 0, Busy Workers: 0
