2020-04-09 17:59:36,353 - root - INFO - Logging to f60fc1eaa83aa8500f3542598b330106.log
2020-04-09 17:59:42,639 - root - DEBUG - Python AST:
FunctionDef(name='TSQR',
    args=arguments(
        args=[arg(arg='A', annotation=Name(id='BigMatrix')),
            arg(arg='Vs', annotation=Name(id='BigMatrix')),
            arg(arg='Ts', annotation=Name(id='BigMatrix')),
            arg(arg='Rs', annotation=Name(id='BigMatrix')),
            arg(arg='N', annotation=Name(id='int'))],
        vararg=None,
        kwonlyargs=[],
        kw_defaults=[],
        kwarg=None,
        defaults=[]),
    body=[
        For(target=Name(id='j'),
            iter=Call(func=Name(id='range'), args=[Num(n=0), Name(id='N')], keywords=[]),
            body=[
                Assign(
                    targets=[
                        Tuple(
                            elts=[
                                Subscript(value=Name(id='Vs'), slice=Index(value=Tuple(elts=[Num(n=0), Name(id='j')]))),
                                Subscript(value=Name(id='Ts'), slice=Index(value=Tuple(elts=[Num(n=0), Name(id='j')]))),
                                Subscript(value=Name(id='Rs'), slice=Index(value=Tuple(elts=[Num(n=0), Name(id='j')])))])],
                    value=Call(func=Name(id='qr_factor'),
                        args=[Subscript(value=Name(id='A'), slice=Index(value=Tuple(elts=[Name(id='j'), Num(n=0)])))],
                        keywords=[]))],
            orelse=[]),
        For(target=Name(id='level'),
            iter=Call(func=Name(id='range'),
                args=[Num(n=0),
                    Call(func=Name(id='ceiling'),
                        args=[
                            BinOp(left=Call(func=Name(id='log'), args=[Name(id='N')], keywords=[]),
                                op=Div,
                                right=Call(func=Name(id='log'), args=[Num(n=2)], keywords=[]))],
                        keywords=[])],
                keywords=[]),
            body=[
                For(target=Name(id='j'),
                    iter=Call(func=Name(id='range'),
                        args=[Num(n=0),
                            Name(id='N'),
                            BinOp(left=Num(n=2), op=Pow, right=BinOp(left=Name(id='level'), op=Add, right=Num(n=1)))],
                        keywords=[]),
                    body=[
                        Assign(
                            targets=[
                                Tuple(
                                    elts=[
                                        Subscript(value=Name(id='Vs'),
                                            slice=Index(
                                                value=Tuple(
                                                    elts=[BinOp(left=Name(id='level'), op=Add, right=Num(n=1)),
                                                        Name(id='j')]))),
                                        Subscript(value=Name(id='Ts'),
                                            slice=Index(
                                                value=Tuple(
                                                    elts=[BinOp(left=Name(id='level'), op=Add, right=Num(n=1)),
                                                        Name(id='j')]))),
                                        Subscript(value=Name(id='Rs'),
                                            slice=Index(
                                                value=Tuple(
                                                    elts=[BinOp(left=Name(id='level'), op=Add, right=Num(n=1)),
                                                        Name(id='j')])))])],
                            value=Call(func=Name(id='qr_factor'),
                                args=[
                                    Subscript(value=Name(id='Rs'),
                                        slice=Index(value=Tuple(elts=[Name(id='level'), Name(id='j')]))),
                                    Subscript(value=Name(id='Rs'),
                                        slice=Index(
                                            value=Tuple(
                                                elts=[Name(id='level'),
                                                    BinOp(left=Name(id='j'),
                                                        op=Add,
                                                        right=BinOp(left=Num(n=2), op=Pow, right=Name(id='level')))])))],
                                keywords=[]))],
                    orelse=[])],
            orelse=[])],
    decorator_list=[],
    returns=None)

2020-04-09 17:59:42,640 - root - DEBUG - IR AST:
FuncDef(name='TSQR',
    args=['A', 'Vs', 'Ts', 'Rs', 'N'],
    body=[
        For(var='j',
            min=IntConst(val=0, type=None),
            max=Ref(name='N', type=None),
            step=IntConst(val=1, type=None),
            body=[
                RemoteCallAbstract(compute=<function qr_factor at 0x7fdf59cd0400>,
                    output=[
                        IndexExpr(matrix_name='Vs', indices=[IntConst(val=0, type=None), Ref(name='j', type=None)]),
                        IndexExpr(matrix_name='Ts', indices=[IntConst(val=0, type=None), Ref(name='j', type=None)]),
                        IndexExpr(matrix_name='Rs', indices=[IntConst(val=0, type=None), Ref(name='j', type=None)])],
                    args=[IndexExpr(matrix_name='A', indices=[Ref(name='j', type=None), IntConst(val=0, type=None)])],
                    kwargs=None,
                    type=None)]),
        For(var='level',
            min=IntConst(val=0, type=None),
            max=Mfunc(op='ceiling',
                e=BinOp(op='Div',
                    left=Mfunc(op='log', e=Ref(name='N', type=None), type=None),
                    right=Mfunc(op='log', e=IntConst(val=2, type=None), type=None),
                    type=None),
                type=None),
            step=IntConst(val=1, type=None),
            body=[
                For(var='j',
                    min=IntConst(val=0, type=None),
                    max=Ref(name='N', type=None),
                    step=BinOp(op='Pow',
                        left=IntConst(val=2, type=None),
                        right=BinOp(op='Add',
                            left=Ref(name='level', type=None),
                            right=IntConst(val=1, type=None),
                            type=None),
                        type=None),
                    body=[
                        RemoteCallAbstract(compute=<function qr_factor at 0x7fdf59cd0400>,
                            output=[
                                IndexExpr(matrix_name='Vs',
                                    indices=[
                                        BinOp(op='Add',
                                            left=Ref(name='level', type=None),
                                            right=IntConst(val=1, type=None),
                                            type=None),
                                        Ref(name='j', type=None)]),
                                IndexExpr(matrix_name='Ts',
                                    indices=[
                                        BinOp(op='Add',
                                            left=Ref(name='level', type=None),
                                            right=IntConst(val=1, type=None),
                                            type=None),
                                        Ref(name='j', type=None)]),
                                IndexExpr(matrix_name='Rs',
                                    indices=[
                                        BinOp(op='Add',
                                            left=Ref(name='level', type=None),
                                            right=IntConst(val=1, type=None),
                                            type=None),
                                        Ref(name='j', type=None)])],
                            args=[
                                IndexExpr(matrix_name='Rs',
                                    indices=[Ref(name='level', type=None), Ref(name='j', type=None)]),
                                IndexExpr(matrix_name='Rs',
                                    indices=[Ref(name='level', type=None),
                                        BinOp(op='Add',
                                            left=Ref(name='j', type=None),
                                            right=BinOp(op='Pow',
                                                left=IntConst(val=2, type=None),
                                                right=Ref(name='level', type=None),
                                                type=None),
                                            type=None)])],
                            kwargs=None,
                            type=None)])])],
    arg_types=[<class 'numpywren.matrix.BigMatrix'>,
        <class 'numpywren.matrix.BigMatrix'>,
        <class 'numpywren.matrix.BigMatrix'>,
        <class 'numpywren.matrix.BigMatrix'>,
        <class 'int'>])

2020-04-09 17:59:42,641 - root - DEBUG - typed IR AST:
FuncDef(name='TSQR',
    args=['A', 'Vs', 'Ts', 'Rs', 'N'],
    body=[
        For(var='j',
            min=IntConst(val=0, type=<class 'numpywren.frontend.ConstIntType'>),
            max=Ref(name='N', type=<class 'numpywren.frontend.ConstIntType'>),
            step=IntConst(val=1, type=<class 'numpywren.frontend.ConstIntType'>),
            body=[
                RemoteCallAbstract(compute=<function qr_factor at 0x7fdf59cd0400>,
                    output=[
                        IndexExpr(matrix_name='Vs',
                            indices=[IntConst(val=0, type=<class 'numpywren.frontend.ConstIntType'>),
                                Ref(name='j', type=<class 'numpywren.frontend.LinearIntType'>)]),
                        IndexExpr(matrix_name='Ts',
                            indices=[IntConst(val=0, type=<class 'numpywren.frontend.ConstIntType'>),
                                Ref(name='j', type=<class 'numpywren.frontend.LinearIntType'>)]),
                        IndexExpr(matrix_name='Rs',
                            indices=[IntConst(val=0, type=<class 'numpywren.frontend.ConstIntType'>),
                                Ref(name='j', type=<class 'numpywren.frontend.LinearIntType'>)])],
                    args=[
                        IndexExpr(matrix_name='A',
                            indices=[Ref(name='j', type=<class 'numpywren.frontend.LinearIntType'>),
                                IntConst(val=0, type=<class 'numpywren.frontend.ConstIntType'>)])],
                    kwargs=None,
                    type=<class 'type'>)]),
        For(var='level',
            min=IntConst(val=0, type=<class 'numpywren.frontend.ConstIntType'>),
            max=Mfunc(op='ceiling',
                e=BinOp(op='Div',
                    left=Mfunc(op='log',
                        e=Ref(name='N', type=<class 'numpywren.frontend.ConstIntType'>),
                        type=<class 'numpywren.frontend.ConstFloatType'>),
                    right=Mfunc(op='log',
                        e=IntConst(val=2, type=<class 'numpywren.frontend.ConstIntType'>),
                        type=<class 'numpywren.frontend.ConstFloatType'>),
                    type=<class 'numpywren.frontend.ConstFloatType'>),
                type=<class 'numpywren.frontend.ConstIntType'>),
            step=IntConst(val=1, type=<class 'numpywren.frontend.ConstIntType'>),
            body=[
                For(var='j',
                    min=IntConst(val=0, type=<class 'numpywren.frontend.ConstIntType'>),
                    max=Ref(name='N', type=<class 'numpywren.frontend.ConstIntType'>),
                    step=BinOp(op='Pow',
                        left=IntConst(val=2, type=<class 'numpywren.frontend.ConstIntType'>),
                        right=BinOp(op='Add',
                            left=Ref(name='level', type=<class 'numpywren.frontend.LinearIntType'>),
                            right=IntConst(val=1, type=<class 'numpywren.frontend.ConstIntType'>),
                            type=<class 'numpywren.frontend.LinearIntType'>),
                        type=<class 'numpywren.frontend.IntType'>),
                    body=[
                        RemoteCallAbstract(compute=<function qr_factor at 0x7fdf59cd0400>,
                            output=[
                                IndexExpr(matrix_name='Vs',
                                    indices=[
                                        BinOp(op='Add',
                                            left=Ref(name='level', type=<class 'numpywren.frontend.LinearIntType'>),
                                            right=IntConst(val=1, type=<class 'numpywren.frontend.ConstIntType'>),
                                            type=<class 'numpywren.frontend.LinearIntType'>),
                                        Ref(name='j', type=<class 'numpywren.frontend.LinearIntType'>)]),
                                IndexExpr(matrix_name='Ts',
                                    indices=[
                                        BinOp(op='Add',
                                            left=Ref(name='level', type=<class 'numpywren.frontend.LinearIntType'>),
                                            right=IntConst(val=1, type=<class 'numpywren.frontend.ConstIntType'>),
                                            type=<class 'numpywren.frontend.LinearIntType'>),
                                        Ref(name='j', type=<class 'numpywren.frontend.LinearIntType'>)]),
                                IndexExpr(matrix_name='Rs',
                                    indices=[
                                        BinOp(op='Add',
                                            left=Ref(name='level', type=<class 'numpywren.frontend.LinearIntType'>),
                                            right=IntConst(val=1, type=<class 'numpywren.frontend.ConstIntType'>),
                                            type=<class 'numpywren.frontend.LinearIntType'>),
                                        Ref(name='j', type=<class 'numpywren.frontend.LinearIntType'>)])],
                            args=[
                                IndexExpr(matrix_name='Rs',
                                    indices=[Ref(name='level', type=<class 'numpywren.frontend.LinearIntType'>),
                                        Ref(name='j', type=<class 'numpywren.frontend.LinearIntType'>)]),
                                IndexExpr(matrix_name='Rs',
                                    indices=[Ref(name='level', type=<class 'numpywren.frontend.LinearIntType'>),
                                        BinOp(op='Add',
                                            left=Ref(name='j', type=<class 'numpywren.frontend.LinearIntType'>),
                                            right=BinOp(op='Pow',
                                                left=IntConst(val=2, type=<class 'numpywren.frontend.ConstIntType'>),
                                                right=Ref(name='level',
                                                    type=<class 'numpywren.frontend.LinearIntType'>),
                                                type=<class 'numpywren.frontend.IntType'>),
                                            type=<class 'numpywren.frontend.IntType'>)])],
                            kwargs=None,
                            type=<class 'type'>)])])],
    arg_types=[<class 'numpywren.frontend.BigMatrixType'>,
        <class 'numpywren.frontend.BigMatrixType'>,
        <class 'numpywren.frontend.BigMatrixType'>,
        <class 'numpywren.frontend.BigMatrixType'>,
        <class 'numpywren.frontend.ConstIntType'>])

2020-04-09 17:59:43,331 - root - INFO - Starting with 32 cores
2020-04-09 17:59:58,400 - root - DEBUG - 15: Up Workers: 32, Busy Workers: 3
2020-04-09 17:59:58,400 - root - INFO - Waiting: 0, Currently Processing: 3
2020-04-09 17:59:58,401 - root - INFO - 15: Up Workers: 32, Busy Workers: 3
2020-04-09 18:00:03,451 - root - DEBUG - 20: Up Workers: 32, Busy Workers: 2
2020-04-09 18:00:03,452 - root - INFO - Waiting: 0, Currently Processing: 2
2020-04-09 18:00:03,452 - root - INFO - 20: Up Workers: 32, Busy Workers: 2
2020-04-09 18:00:08,556 - root - DEBUG - 25: Up Workers: 32, Busy Workers: 2
2020-04-09 18:00:08,556 - root - INFO - Waiting: 0, Currently Processing: 2
2020-04-09 18:00:08,557 - root - INFO - 25: Up Workers: 32, Busy Workers: 2
2020-04-09 18:00:13,607 - root - DEBUG - 30: Up Workers: 32, Busy Workers: 2
2020-04-09 18:00:13,607 - root - INFO - Waiting: 0, Currently Processing: 2
2020-04-09 18:00:13,607 - root - INFO - 30: Up Workers: 32, Busy Workers: 2
2020-04-09 18:00:18,654 - root - DEBUG - 35: Up Workers: 32, Busy Workers: 2
2020-04-09 18:00:18,654 - root - INFO - Waiting: 0, Currently Processing: 2
2020-04-09 18:00:18,654 - root - INFO - 35: Up Workers: 32, Busy Workers: 2
2020-04-09 18:00:23,706 - root - DEBUG - 40: Up Workers: 32, Busy Workers: 2
2020-04-09 18:00:23,706 - root - INFO - Waiting: 0, Currently Processing: 2
2020-04-09 18:00:23,707 - root - INFO - 40: Up Workers: 32, Busy Workers: 2
2020-04-09 18:00:28,756 - root - DEBUG - 45: Up Workers: 32, Busy Workers: 2
2020-04-09 18:00:28,757 - root - INFO - Waiting: 0, Currently Processing: 2
2020-04-09 18:00:28,757 - root - INFO - 45: Up Workers: 32, Busy Workers: 2
2020-04-09 18:00:33,808 - root - DEBUG - 50: Up Workers: 32, Busy Workers: 2
2020-04-09 18:00:33,809 - root - INFO - Waiting: 0, Currently Processing: 2
2020-04-09 18:00:33,809 - root - INFO - 50: Up Workers: 32, Busy Workers: 2
2020-04-09 18:00:38,860 - root - DEBUG - 55: Up Workers: 32, Busy Workers: 1
2020-04-09 18:00:38,860 - root - INFO - Waiting: 0, Currently Processing: 1
2020-04-09 18:00:38,860 - root - INFO - 55: Up Workers: 32, Busy Workers: 1
2020-04-09 18:00:43,919 - root - DEBUG - 60: Up Workers: 32, Busy Workers: 1
2020-04-09 18:00:43,919 - root - INFO - Waiting: 0, Currently Processing: 1
2020-04-09 18:00:43,919 - root - INFO - 60: Up Workers: 32, Busy Workers: 1
2020-04-09 18:00:48,966 - root - DEBUG - 65: Up Workers: 32, Busy Workers: 1
2020-04-09 18:00:48,966 - root - INFO - Waiting: 0, Currently Processing: 1
2020-04-09 18:00:48,966 - root - INFO - 65: Up Workers: 32, Busy Workers: 1
2020-04-09 18:00:54,015 - root - DEBUG - 70: Up Workers: 32, Busy Workers: 1
2020-04-09 18:00:54,015 - root - INFO - Waiting: 0, Currently Processing: 1
2020-04-09 18:00:54,015 - root - INFO - 70: Up Workers: 32, Busy Workers: 1
2020-04-09 18:00:59,068 - root - DEBUG - 75: Up Workers: 32, Busy Workers: 1
2020-04-09 18:00:59,069 - root - INFO - Waiting: 0, Currently Processing: 1
2020-04-09 18:00:59,069 - root - INFO - 75: Up Workers: 32, Busy Workers: 1
2020-04-09 18:01:04,120 - root - DEBUG - 80: Up Workers: 32, Busy Workers: 1
2020-04-09 18:01:04,120 - root - INFO - Waiting: 0, Currently Processing: 1
2020-04-09 18:01:04,120 - root - INFO - 80: Up Workers: 32, Busy Workers: 1
2020-04-09 18:01:09,315 - root - DEBUG - 85: Up Workers: 32, Busy Workers: 1
2020-04-09 18:01:09,315 - root - INFO - Waiting: 0, Currently Processing: 1
2020-04-09 18:01:09,315 - root - INFO - 85: Up Workers: 32, Busy Workers: 1
2020-04-09 18:01:14,363 - root - DEBUG - 90: Up Workers: 32, Busy Workers: 1
2020-04-09 18:01:14,363 - root - INFO - Waiting: 0, Currently Processing: 1
2020-04-09 18:01:14,364 - root - INFO - 90: Up Workers: 32, Busy Workers: 1
2020-04-09 18:01:19,412 - root - DEBUG - 96: Up Workers: 32, Busy Workers: 1
2020-04-09 18:01:24,462 - root - DEBUG - 101: Up Workers: 32, Busy Workers: 1
2020-04-09 18:01:29,511 - root - DEBUG - 106: Up Workers: 32, Busy Workers: 1
2020-04-09 18:01:34,562 - root - DEBUG - 111: Up Workers: 32, Busy Workers: 1
2020-04-09 18:01:39,613 - root - DEBUG - 116: Up Workers: 32, Busy Workers: 1
2020-04-09 18:01:44,662 - root - DEBUG - 121: Up Workers: 32, Busy Workers: 1
2020-04-09 18:01:44,670 - root - INFO - launching 32 new tasks....
2020-04-09 18:01:49,719 - root - DEBUG - 126: Up Workers: 32, Busy Workers: 1
2020-04-09 18:01:54,770 - root - DEBUG - 131: Up Workers: 32, Busy Workers: 2
2020-04-09 18:01:59,832 - root - DEBUG - 136: Up Workers: 32, Busy Workers: 2
2020-04-09 18:02:04,886 - root - DEBUG - 141: Up Workers: 51, Busy Workers: 2
2020-04-09 18:02:09,933 - root - DEBUG - 146: Up Workers: 23, Busy Workers: 2
